CRITICAL - 2025-05-16 19:02:55 --> CodeIgniter\View\Exceptions\ViewException: Invalid file: "errors/custom_404.php"
[Method: GET, Route: Login]
in SYSTEMPATH\Exceptions\FrameworkException.php on line 39.
 1 SYSTEMPATH\View\View.php(212): CodeIgniter\Exceptions\FrameworkException::forInvalidFile('errors/custom_404.php')
 2 SYSTEMPATH\Common.php(1173): CodeIgniter\View\View->render('errors/custom_404', [], true)
 3 APPPATH\Config\Routes.php(33): view('errors/custom_404')
 4 SYSTEMPATH\CodeIgniter.php(955): CodeIgniter\Router\RouteCollection->{closure}('Can\'t find a route for \'GET: Login\'.')
 5 SYSTEMPATH\CodeIgniter.php(360): CodeIgniter\CodeIgniter->display404errors(Object(CodeIgniter\Exceptions\PageNotFoundException))
 6 SYSTEMPATH\Boot.php(334): CodeIgniter\CodeIgniter->run()
 7 SYSTEMPATH\Boot.php(67): CodeIgniter\Boot::runCodeIgniter(Object(CodeIgniter\CodeIgniter))
 8 FCPATH\index.php(56): CodeIgniter\Boot::bootWeb(Object(Config\Paths))
CRITICAL - 2025-05-16 19:04:31 --> CodeIgniter\View\Exceptions\ViewException: Invalid file: "errors/custom_404.php"
[Method: GET, Route: Login]
in SYSTEMPATH\Exceptions\FrameworkException.php on line 39.
 1 SYSTEMPATH\View\View.php(212): CodeIgniter\Exceptions\FrameworkException::forInvalidFile('errors/custom_404.php')
 2 SYSTEMPATH\Common.php(1173): CodeIgniter\View\View->render('errors/custom_404', [], true)
 3 APPPATH\Config\Routes.php(37): view('errors/custom_404')
 4 SYSTEMPATH\CodeIgniter.php(955): CodeIgniter\Router\RouteCollection->{closure}('Can\'t find a route for \'GET: Login\'.')
 5 SYSTEMPATH\CodeIgniter.php(360): CodeIgniter\CodeIgniter->display404errors(Object(CodeIgniter\Exceptions\PageNotFoundException))
 6 SYSTEMPATH\Boot.php(334): CodeIgniter\CodeIgniter->run()
 7 SYSTEMPATH\Boot.php(67): CodeIgniter\Boot::runCodeIgniter(Object(CodeIgniter\CodeIgniter))
 8 FCPATH\index.php(56): CodeIgniter\Boot::bootWeb(Object(Config\Paths))
CRITICAL - 2025-05-16 19:04:34 --> CodeIgniter\View\Exceptions\ViewException: Invalid file: "Login/login.php"
[Method: GET, Route: login]
in SYSTEMPATH\Exceptions\FrameworkException.php on line 39.
 1 SYSTEMPATH\View\View.php(212): CodeIgniter\Exceptions\FrameworkException::forInvalidFile('Login/login.php')
 2 SYSTEMPATH\Common.php(1173): CodeIgniter\View\View->render('Login/login', [], true)
 3 APPPATH\Controllers\LoginController.php(12): view('Login/login')
 4 SYSTEMPATH\CodeIgniter.php(933): App\Controllers\LoginController->index()
 5 SYSTEMPATH\CodeIgniter.php(507): CodeIgniter\CodeIgniter->runController(Object(App\Controllers\LoginController))
 6 SYSTEMPATH\CodeIgniter.php(354): CodeIgniter\CodeIgniter->handleRequest(null, Object(Config\Cache), false)
 7 SYSTEMPATH\Boot.php(334): CodeIgniter\CodeIgniter->run()
 8 SYSTEMPATH\Boot.php(67): CodeIgniter\Boot::runCodeIgniter(Object(CodeIgniter\CodeIgniter))
 9 FCPATH\index.php(56): CodeIgniter\Boot::bootWeb(Object(Config\Paths))
CRITICAL - 2025-05-16 19:05:43 --> CodeIgniter\View\Exceptions\ViewException: Invalid file: "Login/login.php"
[Method: GET, Route: login]
in SYSTEMPATH\Exceptions\FrameworkException.php on line 39.
 1 SYSTEMPATH\View\View.php(212): CodeIgniter\Exceptions\FrameworkException::forInvalidFile('Login/login.php')
 2 SYSTEMPATH\Common.php(1173): CodeIgniter\View\View->render('Login/login', [], true)
 3 APPPATH\Controllers\LoginController.php(12): view('Login/login')
 4 SYSTEMPATH\CodeIgniter.php(933): App\Controllers\LoginController->index()
 5 SYSTEMPATH\CodeIgniter.php(507): CodeIgniter\CodeIgniter->runController(Object(App\Controllers\LoginController))
 6 SYSTEMPATH\CodeIgniter.php(354): CodeIgniter\CodeIgniter->handleRequest(null, Object(Config\Cache), false)
 7 SYSTEMPATH\Boot.php(334): CodeIgniter\CodeIgniter->run()
 8 SYSTEMPATH\Boot.php(67): CodeIgniter\Boot::runCodeIgniter(Object(CodeIgniter\CodeIgniter))
 9 FCPATH\index.php(56): CodeIgniter\Boot::bootWeb(Object(Config\Paths))
CRITICAL - 2025-05-16 19:05:44 --> CodeIgniter\View\Exceptions\ViewException: Invalid file: "Login/login.php"
[Method: GET, Route: login]
in SYSTEMPATH\Exceptions\FrameworkException.php on line 39.
 1 SYSTEMPATH\View\View.php(212): CodeIgniter\Exceptions\FrameworkException::forInvalidFile('Login/login.php')
 2 SYSTEMPATH\Common.php(1173): CodeIgniter\View\View->render('Login/login', [], true)
 3 APPPATH\Controllers\LoginController.php(12): view('Login/login')
 4 SYSTEMPATH\CodeIgniter.php(933): App\Controllers\LoginController->index()
 5 SYSTEMPATH\CodeIgniter.php(507): CodeIgniter\CodeIgniter->runController(Object(App\Controllers\LoginController))
 6 SYSTEMPATH\CodeIgniter.php(354): CodeIgniter\CodeIgniter->handleRequest(null, Object(Config\Cache), false)
 7 SYSTEMPATH\Boot.php(334): CodeIgniter\CodeIgniter->run()
 8 SYSTEMPATH\Boot.php(67): CodeIgniter\Boot::runCodeIgniter(Object(CodeIgniter\CodeIgniter))
 9 FCPATH\index.php(56): CodeIgniter\Boot::bootWeb(Object(Config\Paths))
CRITICAL - 2025-05-16 19:06:08 --> CodeIgniter\View\Exceptions\ViewException: Invalid file: "errors/custom_404.php"
[Method: GET, Route: login]
in SYSTEMPATH\Exceptions\FrameworkException.php on line 39.
 1 SYSTEMPATH\View\View.php(212): CodeIgniter\Exceptions\FrameworkException::forInvalidFile('errors/custom_404.php')
 2 SYSTEMPATH\Common.php(1173): CodeIgniter\View\View->render('errors/custom_404', [], true)
 3 APPPATH\Config\Routes.php(37): view('errors/custom_404')
 4 SYSTEMPATH\CodeIgniter.php(955): CodeIgniter\Router\RouteCollection->{closure}('Can\'t find a route for \'GET: login\'.')
 5 SYSTEMPATH\CodeIgniter.php(360): CodeIgniter\CodeIgniter->display404errors(Object(CodeIgniter\Exceptions\PageNotFoundException))
 6 SYSTEMPATH\Boot.php(334): CodeIgniter\CodeIgniter->run()
 7 SYSTEMPATH\Boot.php(67): CodeIgniter\Boot::runCodeIgniter(Object(CodeIgniter\CodeIgniter))
 8 FCPATH\index.php(56): CodeIgniter\Boot::bootWeb(Object(Config\Paths))
CRITICAL - 2025-05-16 19:07:50 --> CodeIgniter\View\Exceptions\ViewException: Invalid file: "errors/custom_404.php"
[Method: GET, Route: login]
in SYSTEMPATH\Exceptions\FrameworkException.php on line 39.
 1 SYSTEMPATH\View\View.php(212): CodeIgniter\Exceptions\FrameworkException::forInvalidFile('errors/custom_404.php')
 2 SYSTEMPATH\Common.php(1173): CodeIgniter\View\View->render('errors/custom_404', [], true)
 3 APPPATH\Config\Routes.php(34): view('errors/custom_404')
 4 SYSTEMPATH\CodeIgniter.php(955): CodeIgniter\Router\RouteCollection->{closure}('Can\'t find a route for \'GET: login\'.')
 5 SYSTEMPATH\CodeIgniter.php(360): CodeIgniter\CodeIgniter->display404errors(Object(CodeIgniter\Exceptions\PageNotFoundException))
 6 SYSTEMPATH\Boot.php(334): CodeIgniter\CodeIgniter->run()
 7 SYSTEMPATH\Boot.php(67): CodeIgniter\Boot::runCodeIgniter(Object(CodeIgniter\CodeIgniter))
 8 FCPATH\index.php(56): CodeIgniter\Boot::bootWeb(Object(Config\Paths))
CRITICAL - 2025-05-16 19:07:51 --> CodeIgniter\View\Exceptions\ViewException: Invalid file: "errors/custom_404.php"
[Method: GET, Route: login]
in SYSTEMPATH\Exceptions\FrameworkException.php on line 39.
 1 SYSTEMPATH\View\View.php(212): CodeIgniter\Exceptions\FrameworkException::forInvalidFile('errors/custom_404.php')
 2 SYSTEMPATH\Common.php(1173): CodeIgniter\View\View->render('errors/custom_404', [], true)
 3 APPPATH\Config\Routes.php(34): view('errors/custom_404')
 4 SYSTEMPATH\CodeIgniter.php(955): CodeIgniter\Router\RouteCollection->{closure}('Can\'t find a route for \'GET: login\'.')
 5 SYSTEMPATH\CodeIgniter.php(360): CodeIgniter\CodeIgniter->display404errors(Object(CodeIgniter\Exceptions\PageNotFoundException))
 6 SYSTEMPATH\Boot.php(334): CodeIgniter\CodeIgniter->run()
 7 SYSTEMPATH\Boot.php(67): CodeIgniter\Boot::runCodeIgniter(Object(CodeIgniter\CodeIgniter))
 8 FCPATH\index.php(56): CodeIgniter\Boot::bootWeb(Object(Config\Paths))
CRITICAL - 2025-05-16 19:07:51 --> CodeIgniter\View\Exceptions\ViewException: Invalid file: "errors/custom_404.php"
[Method: GET, Route: login]
in SYSTEMPATH\Exceptions\FrameworkException.php on line 39.
 1 SYSTEMPATH\View\View.php(212): CodeIgniter\Exceptions\FrameworkException::forInvalidFile('errors/custom_404.php')
 2 SYSTEMPATH\Common.php(1173): CodeIgniter\View\View->render('errors/custom_404', [], true)
 3 APPPATH\Config\Routes.php(34): view('errors/custom_404')
 4 SYSTEMPATH\CodeIgniter.php(955): CodeIgniter\Router\RouteCollection->{closure}('Can\'t find a route for \'GET: login\'.')
 5 SYSTEMPATH\CodeIgniter.php(360): CodeIgniter\CodeIgniter->display404errors(Object(CodeIgniter\Exceptions\PageNotFoundException))
 6 SYSTEMPATH\Boot.php(334): CodeIgniter\CodeIgniter->run()
 7 SYSTEMPATH\Boot.php(67): CodeIgniter\Boot::runCodeIgniter(Object(CodeIgniter\CodeIgniter))
 8 FCPATH\index.php(56): CodeIgniter\Boot::bootWeb(Object(Config\Paths))
CRITICAL - 2025-05-16 19:07:52 --> CodeIgniter\View\Exceptions\ViewException: Invalid file: "errors/custom_404.php"
[Method: GET, Route: login]
in SYSTEMPATH\Exceptions\FrameworkException.php on line 39.
 1 SYSTEMPATH\View\View.php(212): CodeIgniter\Exceptions\FrameworkException::forInvalidFile('errors/custom_404.php')
 2 SYSTEMPATH\Common.php(1173): CodeIgniter\View\View->render('errors/custom_404', [], true)
 3 APPPATH\Config\Routes.php(34): view('errors/custom_404')
 4 SYSTEMPATH\CodeIgniter.php(955): CodeIgniter\Router\RouteCollection->{closure}('Can\'t find a route for \'GET: login\'.')
 5 SYSTEMPATH\CodeIgniter.php(360): CodeIgniter\CodeIgniter->display404errors(Object(CodeIgniter\Exceptions\PageNotFoundException))
 6 SYSTEMPATH\Boot.php(334): CodeIgniter\CodeIgniter->run()
 7 SYSTEMPATH\Boot.php(67): CodeIgniter\Boot::runCodeIgniter(Object(CodeIgniter\CodeIgniter))
 8 FCPATH\index.php(56): CodeIgniter\Boot::bootWeb(Object(Config\Paths))
CRITICAL - 2025-05-16 19:07:56 --> CodeIgniter\View\Exceptions\ViewException: Invalid file: "errors/custom_404.php"
[Method: GET, Route: Login]
in SYSTEMPATH\Exceptions\FrameworkException.php on line 39.
 1 SYSTEMPATH\View\View.php(212): CodeIgniter\Exceptions\FrameworkException::forInvalidFile('errors/custom_404.php')
 2 SYSTEMPATH\Common.php(1173): CodeIgniter\View\View->render('errors/custom_404', [], true)
 3 APPPATH\Config\Routes.php(34): view('errors/custom_404')
 4 SYSTEMPATH\CodeIgniter.php(955): CodeIgniter\Router\RouteCollection->{closure}('Controller method is not found: "Login"')
 5 SYSTEMPATH\CodeIgniter.php(360): CodeIgniter\CodeIgniter->display404errors(Object(CodeIgniter\Exceptions\PageNotFoundException))
 6 SYSTEMPATH\Boot.php(334): CodeIgniter\CodeIgniter->run()
 7 SYSTEMPATH\Boot.php(67): CodeIgniter\Boot::runCodeIgniter(Object(CodeIgniter\CodeIgniter))
 8 FCPATH\index.php(56): CodeIgniter\Boot::bootWeb(Object(Config\Paths))
ERROR - 2025-05-16 19:17:52 --> mysqli_sql_exception: Table 'lairpur_data_base.categorias' doesn't exist in C:\xampp\htdocs\L-Air-Pur-Ecommerce\system\Database\MySQLi\Connection.php:327
Stack trace:
#0 C:\xampp\htdocs\L-Air-Pur-Ecommerce\system\Database\MySQLi\Connection.php(327): mysqli->query('SELECT *\nFROM `...', 0)
#1 C:\xampp\htdocs\L-Air-Pur-Ecommerce\system\Database\BaseConnection.php(738): CodeIgniter\Database\MySQLi\Connection->execute('SELECT *\nFROM `...')
#2 C:\xampp\htdocs\L-Air-Pur-Ecommerce\system\Database\BaseConnection.php(652): CodeIgniter\Database\BaseConnection->simpleQuery('SELECT *\nFROM `...')
#3 C:\xampp\htdocs\L-Air-Pur-Ecommerce\system\Database\BaseBuilder.php(1649): CodeIgniter\Database\BaseConnection->query('SELECT *\nFROM `...', Array, false)
#4 C:\xampp\htdocs\L-Air-Pur-Ecommerce\system\Model.php(286): CodeIgniter\Database\BaseBuilder->get()
#5 C:\xampp\htdocs\L-Air-Pur-Ecommerce\system\BaseModel.php(675): CodeIgniter\Model->doFindAll(0, 0)
#6 C:\xampp\htdocs\L-Air-Pur-Ecommerce\app\Controllers\Productos.php(22): CodeIgniter\BaseModel->findAll()
#7 C:\xampp\htdocs\L-Air-Pur-Ecommerce\system\CodeIgniter.php(933): App\Controllers\Productos->index()
#8 C:\xampp\htdocs\L-Air-Pur-Ecommerce\system\CodeIgniter.php(507): CodeIgniter\CodeIgniter->runController(Object(App\Controllers\Productos))
#9 C:\xampp\htdocs\L-Air-Pur-Ecommerce\system\CodeIgniter.php(354): CodeIgniter\CodeIgniter->handleRequest(NULL, Object(Config\Cache), false)
#10 C:\xampp\htdocs\L-Air-Pur-Ecommerce\system\Boot.php(334): CodeIgniter\CodeIgniter->run()
#11 C:\xampp\htdocs\L-Air-Pur-Ecommerce\system\Boot.php(67): CodeIgniter\Boot::runCodeIgniter(Object(CodeIgniter\CodeIgniter))
#12 C:\xampp\htdocs\L-Air-Pur-Ecommerce\index.php(56): CodeIgniter\Boot::bootWeb(Object(Config\Paths))
#13 {main}
CRITICAL - 2025-05-16 19:17:52 --> CodeIgniter\Database\Exceptions\DatabaseException: Table 'lairpur_data_base.categorias' doesn't exist
[Method: GET, Route: Productos]
in SYSTEMPATH\Database\BaseConnection.php on line 692.
 1 SYSTEMPATH\Database\BaseBuilder.php(1649): CodeIgniter\Database\BaseConnection->query('SELECT *
FROM `categorias`', [], false)
 2 SYSTEMPATH\Model.php(286): CodeIgniter\Database\BaseBuilder->get()
 3 SYSTEMPATH\BaseModel.php(675): CodeIgniter\Model->doFindAll(0, 0)
 4 APPPATH\Controllers\Productos.php(22): CodeIgniter\BaseModel->findAll()
 5 SYSTEMPATH\CodeIgniter.php(933): App\Controllers\Productos->index()
 6 SYSTEMPATH\CodeIgniter.php(507): CodeIgniter\CodeIgniter->runController(Object(App\Controllers\Productos))
 7 SYSTEMPATH\CodeIgniter.php(354): CodeIgniter\CodeIgniter->handleRequest(null, Object(Config\Cache), false)
 8 SYSTEMPATH\Boot.php(334): CodeIgniter\CodeIgniter->run()
 9 SYSTEMPATH\Boot.php(67): CodeIgniter\Boot::runCodeIgniter(Object(CodeIgniter\CodeIgniter))
10 FCPATH\index.php(56): CodeIgniter\Boot::bootWeb(Object(Config\Paths))
CRITICAL - 2025-05-16 19:17:52 --> [Caused by] CodeIgniter\Database\Exceptions\DatabaseException: Table 'lairpur_data_base.categorias' doesn't exist
in SYSTEMPATH\Database\MySQLi\Connection.php on line 332.
 1 SYSTEMPATH\Database\BaseConnection.php(738): CodeIgniter\Database\MySQLi\Connection->execute('SELECT *
FROM `categorias`')
 2 SYSTEMPATH\Database\BaseConnection.php(652): CodeIgniter\Database\BaseConnection->simpleQuery('SELECT *
FROM `categorias`')
 3 SYSTEMPATH\Database\BaseBuilder.php(1649): CodeIgniter\Database\BaseConnection->query('SELECT *
FROM `categorias`', [], false)
 4 SYSTEMPATH\Model.php(286): CodeIgniter\Database\BaseBuilder->get()
 5 SYSTEMPATH\BaseModel.php(675): CodeIgniter\Model->doFindAll(0, 0)
 6 APPPATH\Controllers\Productos.php(22): CodeIgniter\BaseModel->findAll()
 7 SYSTEMPATH\CodeIgniter.php(933): App\Controllers\Productos->index()
 8 SYSTEMPATH\CodeIgniter.php(507): CodeIgniter\CodeIgniter->runController(Object(App\Controllers\Productos))
 9 SYSTEMPATH\CodeIgniter.php(354): CodeIgniter\CodeIgniter->handleRequest(null, Object(Config\Cache), false)
10 SYSTEMPATH\Boot.php(334): CodeIgniter\CodeIgniter->run()
11 SYSTEMPATH\Boot.php(67): CodeIgniter\Boot::runCodeIgniter(Object(CodeIgniter\CodeIgniter))
12 FCPATH\index.php(56): CodeIgniter\Boot::bootWeb(Object(Config\Paths))
CRITICAL - 2025-05-16 19:17:52 --> [Caused by] mysqli_sql_exception: Table 'lairpur_data_base.categorias' doesn't exist
in SYSTEMPATH\Database\MySQLi\Connection.php on line 327.
 1 SYSTEMPATH\Database\MySQLi\Connection.php(327): mysqli->query('SELECT *
FROM `categorias`', 0)
 2 SYSTEMPATH\Database\BaseConnection.php(738): CodeIgniter\Database\MySQLi\Connection->execute('SELECT *
FROM `categorias`')
 3 SYSTEMPATH\Database\BaseConnection.php(652): CodeIgniter\Database\BaseConnection->simpleQuery('SELECT *
FROM `categorias`')
 4 SYSTEMPATH\Database\BaseBuilder.php(1649): CodeIgniter\Database\BaseConnection->query('SELECT *
FROM `categorias`', [], false)
 5 SYSTEMPATH\Model.php(286): CodeIgniter\Database\BaseBuilder->get()
 6 SYSTEMPATH\BaseModel.php(675): CodeIgniter\Model->doFindAll(0, 0)
 7 APPPATH\Controllers\Productos.php(22): CodeIgniter\BaseModel->findAll()
 8 SYSTEMPATH\CodeIgniter.php(933): App\Controllers\Productos->index()
 9 SYSTEMPATH\CodeIgniter.php(507): CodeIgniter\CodeIgniter->runController(Object(App\Controllers\Productos))
10 SYSTEMPATH\CodeIgniter.php(354): CodeIgniter\CodeIgniter->handleRequest(null, Object(Config\Cache), false)
11 SYSTEMPATH\Boot.php(334): CodeIgniter\CodeIgniter->run()
12 SYSTEMPATH\Boot.php(67): CodeIgniter\Boot::runCodeIgniter(Object(CodeIgniter\CodeIgniter))
13 FCPATH\index.php(56): CodeIgniter\Boot::bootWeb(Object(Config\Paths))
ERROR - 2025-05-16 19:17:59 --> mysqli_sql_exception: Table 'lairpur_data_base.categorias' doesn't exist in C:\xampp\htdocs\L-Air-Pur-Ecommerce\system\Database\MySQLi\Connection.php:327
Stack trace:
#0 C:\xampp\htdocs\L-Air-Pur-Ecommerce\system\Database\MySQLi\Connection.php(327): mysqli->query('SELECT *\nFROM `...', 0)
#1 C:\xampp\htdocs\L-Air-Pur-Ecommerce\system\Database\BaseConnection.php(738): CodeIgniter\Database\MySQLi\Connection->execute('SELECT *\nFROM `...')
#2 C:\xampp\htdocs\L-Air-Pur-Ecommerce\system\Database\BaseConnection.php(652): CodeIgniter\Database\BaseConnection->simpleQuery('SELECT *\nFROM `...')
#3 C:\xampp\htdocs\L-Air-Pur-Ecommerce\system\Database\BaseBuilder.php(1649): CodeIgniter\Database\BaseConnection->query('SELECT *\nFROM `...', Array, false)
#4 C:\xampp\htdocs\L-Air-Pur-Ecommerce\system\Model.php(286): CodeIgniter\Database\BaseBuilder->get()
#5 C:\xampp\htdocs\L-Air-Pur-Ecommerce\system\BaseModel.php(675): CodeIgniter\Model->doFindAll(0, 0)
#6 C:\xampp\htdocs\L-Air-Pur-Ecommerce\app\Controllers\Productos.php(22): CodeIgniter\BaseModel->findAll()
#7 C:\xampp\htdocs\L-Air-Pur-Ecommerce\system\CodeIgniter.php(933): App\Controllers\Productos->index()
#8 C:\xampp\htdocs\L-Air-Pur-Ecommerce\system\CodeIgniter.php(507): CodeIgniter\CodeIgniter->runController(Object(App\Controllers\Productos))
#9 C:\xampp\htdocs\L-Air-Pur-Ecommerce\system\CodeIgniter.php(354): CodeIgniter\CodeIgniter->handleRequest(NULL, Object(Config\Cache), false)
#10 C:\xampp\htdocs\L-Air-Pur-Ecommerce\system\Boot.php(334): CodeIgniter\CodeIgniter->run()
#11 C:\xampp\htdocs\L-Air-Pur-Ecommerce\system\Boot.php(67): CodeIgniter\Boot::runCodeIgniter(Object(CodeIgniter\CodeIgniter))
#12 C:\xampp\htdocs\L-Air-Pur-Ecommerce\index.php(56): CodeIgniter\Boot::bootWeb(Object(Config\Paths))
#13 {main}
CRITICAL - 2025-05-16 19:17:59 --> CodeIgniter\Database\Exceptions\DatabaseException: Table 'lairpur_data_base.categorias' doesn't exist
[Method: GET, Route: Productos]
in SYSTEMPATH\Database\BaseConnection.php on line 692.
 1 SYSTEMPATH\Database\BaseBuilder.php(1649): CodeIgniter\Database\BaseConnection->query('SELECT *
FROM `categorias`', [], false)
 2 SYSTEMPATH\Model.php(286): CodeIgniter\Database\BaseBuilder->get()
 3 SYSTEMPATH\BaseModel.php(675): CodeIgniter\Model->doFindAll(0, 0)
 4 APPPATH\Controllers\Productos.php(22): CodeIgniter\BaseModel->findAll()
 5 SYSTEMPATH\CodeIgniter.php(933): App\Controllers\Productos->index()
 6 SYSTEMPATH\CodeIgniter.php(507): CodeIgniter\CodeIgniter->runController(Object(App\Controllers\Productos))
 7 SYSTEMPATH\CodeIgniter.php(354): CodeIgniter\CodeIgniter->handleRequest(null, Object(Config\Cache), false)
 8 SYSTEMPATH\Boot.php(334): CodeIgniter\CodeIgniter->run()
 9 SYSTEMPATH\Boot.php(67): CodeIgniter\Boot::runCodeIgniter(Object(CodeIgniter\CodeIgniter))
10 FCPATH\index.php(56): CodeIgniter\Boot::bootWeb(Object(Config\Paths))
CRITICAL - 2025-05-16 19:17:59 --> [Caused by] CodeIgniter\Database\Exceptions\DatabaseException: Table 'lairpur_data_base.categorias' doesn't exist
in SYSTEMPATH\Database\MySQLi\Connection.php on line 332.
 1 SYSTEMPATH\Database\BaseConnection.php(738): CodeIgniter\Database\MySQLi\Connection->execute('SELECT *
FROM `categorias`')
 2 SYSTEMPATH\Database\BaseConnection.php(652): CodeIgniter\Database\BaseConnection->simpleQuery('SELECT *
FROM `categorias`')
 3 SYSTEMPATH\Database\BaseBuilder.php(1649): CodeIgniter\Database\BaseConnection->query('SELECT *
FROM `categorias`', [], false)
 4 SYSTEMPATH\Model.php(286): CodeIgniter\Database\BaseBuilder->get()
 5 SYSTEMPATH\BaseModel.php(675): CodeIgniter\Model->doFindAll(0, 0)
 6 APPPATH\Controllers\Productos.php(22): CodeIgniter\BaseModel->findAll()
 7 SYSTEMPATH\CodeIgniter.php(933): App\Controllers\Productos->index()
 8 SYSTEMPATH\CodeIgniter.php(507): CodeIgniter\CodeIgniter->runController(Object(App\Controllers\Productos))
 9 SYSTEMPATH\CodeIgniter.php(354): CodeIgniter\CodeIgniter->handleRequest(null, Object(Config\Cache), false)
10 SYSTEMPATH\Boot.php(334): CodeIgniter\CodeIgniter->run()
11 SYSTEMPATH\Boot.php(67): CodeIgniter\Boot::runCodeIgniter(Object(CodeIgniter\CodeIgniter))
12 FCPATH\index.php(56): CodeIgniter\Boot::bootWeb(Object(Config\Paths))
CRITICAL - 2025-05-16 19:17:59 --> [Caused by] mysqli_sql_exception: Table 'lairpur_data_base.categorias' doesn't exist
in SYSTEMPATH\Database\MySQLi\Connection.php on line 327.
 1 SYSTEMPATH\Database\MySQLi\Connection.php(327): mysqli->query('SELECT *
FROM `categorias`', 0)
 2 SYSTEMPATH\Database\BaseConnection.php(738): CodeIgniter\Database\MySQLi\Connection->execute('SELECT *
FROM `categorias`')
 3 SYSTEMPATH\Database\BaseConnection.php(652): CodeIgniter\Database\BaseConnection->simpleQuery('SELECT *
FROM `categorias`')
 4 SYSTEMPATH\Database\BaseBuilder.php(1649): CodeIgniter\Database\BaseConnection->query('SELECT *
FROM `categorias`', [], false)
 5 SYSTEMPATH\Model.php(286): CodeIgniter\Database\BaseBuilder->get()
 6 SYSTEMPATH\BaseModel.php(675): CodeIgniter\Model->doFindAll(0, 0)
 7 APPPATH\Controllers\Productos.php(22): CodeIgniter\BaseModel->findAll()
 8 SYSTEMPATH\CodeIgniter.php(933): App\Controllers\Productos->index()
 9 SYSTEMPATH\CodeIgniter.php(507): CodeIgniter\CodeIgniter->runController(Object(App\Controllers\Productos))
10 SYSTEMPATH\CodeIgniter.php(354): CodeIgniter\CodeIgniter->handleRequest(null, Object(Config\Cache), false)
11 SYSTEMPATH\Boot.php(334): CodeIgniter\CodeIgniter->run()
12 SYSTEMPATH\Boot.php(67): CodeIgniter\Boot::runCodeIgniter(Object(CodeIgniter\CodeIgniter))
13 FCPATH\index.php(56): CodeIgniter\Boot::bootWeb(Object(Config\Paths))
DEBUG - 2025-05-16 19:18:04 --> Session: Class initialized using 'CodeIgniter\Session\Handlers\FileHandler' driver.
DEBUG - 2025-05-16 19:18:06 --> Session: Class initialized using 'CodeIgniter\Session\Handlers\FileHandler' driver.
ERROR - 2025-05-16 19:18:15 --> mysqli_sql_exception: Table 'lairpur_data_base.categorias' doesn't exist in C:\xampp\htdocs\L-Air-Pur-Ecommerce\system\Database\MySQLi\Connection.php:327
Stack trace:
#0 C:\xampp\htdocs\L-Air-Pur-Ecommerce\system\Database\MySQLi\Connection.php(327): mysqli->query('SELECT *\nFROM `...', 0)
#1 C:\xampp\htdocs\L-Air-Pur-Ecommerce\system\Database\BaseConnection.php(738): CodeIgniter\Database\MySQLi\Connection->execute('SELECT *\nFROM `...')
#2 C:\xampp\htdocs\L-Air-Pur-Ecommerce\system\Database\BaseConnection.php(652): CodeIgniter\Database\BaseConnection->simpleQuery('SELECT *\nFROM `...')
#3 C:\xampp\htdocs\L-Air-Pur-Ecommerce\system\Database\BaseBuilder.php(1649): CodeIgniter\Database\BaseConnection->query('SELECT *\nFROM `...', Array, false)
#4 C:\xampp\htdocs\L-Air-Pur-Ecommerce\system\Model.php(286): CodeIgniter\Database\BaseBuilder->get()
#5 C:\xampp\htdocs\L-Air-Pur-Ecommerce\system\BaseModel.php(675): CodeIgniter\Model->doFindAll(0, 0)
#6 C:\xampp\htdocs\L-Air-Pur-Ecommerce\app\Controllers\Productos.php(22): CodeIgniter\BaseModel->findAll()
#7 C:\xampp\htdocs\L-Air-Pur-Ecommerce\system\CodeIgniter.php(933): App\Controllers\Productos->index()
#8 C:\xampp\htdocs\L-Air-Pur-Ecommerce\system\CodeIgniter.php(507): CodeIgniter\CodeIgniter->runController(Object(App\Controllers\Productos))
#9 C:\xampp\htdocs\L-Air-Pur-Ecommerce\system\CodeIgniter.php(354): CodeIgniter\CodeIgniter->handleRequest(NULL, Object(Config\Cache), false)
#10 C:\xampp\htdocs\L-Air-Pur-Ecommerce\system\Boot.php(334): CodeIgniter\CodeIgniter->run()
#11 C:\xampp\htdocs\L-Air-Pur-Ecommerce\system\Boot.php(67): CodeIgniter\Boot::runCodeIgniter(Object(CodeIgniter\CodeIgniter))
#12 C:\xampp\htdocs\L-Air-Pur-Ecommerce\index.php(56): CodeIgniter\Boot::bootWeb(Object(Config\Paths))
#13 {main}
CRITICAL - 2025-05-16 19:18:15 --> CodeIgniter\Database\Exceptions\DatabaseException: Table 'lairpur_data_base.categorias' doesn't exist
[Method: GET, Route: Productos]
in SYSTEMPATH\Database\BaseConnection.php on line 692.
 1 SYSTEMPATH\Database\BaseBuilder.php(1649): CodeIgniter\Database\BaseConnection->query('SELECT *
FROM `categorias`', [], false)
 2 SYSTEMPATH\Model.php(286): CodeIgniter\Database\BaseBuilder->get()
 3 SYSTEMPATH\BaseModel.php(675): CodeIgniter\Model->doFindAll(0, 0)
 4 APPPATH\Controllers\Productos.php(22): CodeIgniter\BaseModel->findAll()
 5 SYSTEMPATH\CodeIgniter.php(933): App\Controllers\Productos->index()
 6 SYSTEMPATH\CodeIgniter.php(507): CodeIgniter\CodeIgniter->runController(Object(App\Controllers\Productos))
 7 SYSTEMPATH\CodeIgniter.php(354): CodeIgniter\CodeIgniter->handleRequest(null, Object(Config\Cache), false)
 8 SYSTEMPATH\Boot.php(334): CodeIgniter\CodeIgniter->run()
 9 SYSTEMPATH\Boot.php(67): CodeIgniter\Boot::runCodeIgniter(Object(CodeIgniter\CodeIgniter))
10 FCPATH\index.php(56): CodeIgniter\Boot::bootWeb(Object(Config\Paths))
CRITICAL - 2025-05-16 19:18:15 --> [Caused by] CodeIgniter\Database\Exceptions\DatabaseException: Table 'lairpur_data_base.categorias' doesn't exist
in SYSTEMPATH\Database\MySQLi\Connection.php on line 332.
 1 SYSTEMPATH\Database\BaseConnection.php(738): CodeIgniter\Database\MySQLi\Connection->execute('SELECT *
FROM `categorias`')
 2 SYSTEMPATH\Database\BaseConnection.php(652): CodeIgniter\Database\BaseConnection->simpleQuery('SELECT *
FROM `categorias`')
 3 SYSTEMPATH\Database\BaseBuilder.php(1649): CodeIgniter\Database\BaseConnection->query('SELECT *
FROM `categorias`', [], false)
 4 SYSTEMPATH\Model.php(286): CodeIgniter\Database\BaseBuilder->get()
 5 SYSTEMPATH\BaseModel.php(675): CodeIgniter\Model->doFindAll(0, 0)
 6 APPPATH\Controllers\Productos.php(22): CodeIgniter\BaseModel->findAll()
 7 SYSTEMPATH\CodeIgniter.php(933): App\Controllers\Productos->index()
 8 SYSTEMPATH\CodeIgniter.php(507): CodeIgniter\CodeIgniter->runController(Object(App\Controllers\Productos))
 9 SYSTEMPATH\CodeIgniter.php(354): CodeIgniter\CodeIgniter->handleRequest(null, Object(Config\Cache), false)
10 SYSTEMPATH\Boot.php(334): CodeIgniter\CodeIgniter->run()
11 SYSTEMPATH\Boot.php(67): CodeIgniter\Boot::runCodeIgniter(Object(CodeIgniter\CodeIgniter))
12 FCPATH\index.php(56): CodeIgniter\Boot::bootWeb(Object(Config\Paths))
CRITICAL - 2025-05-16 19:18:15 --> [Caused by] mysqli_sql_exception: Table 'lairpur_data_base.categorias' doesn't exist
in SYSTEMPATH\Database\MySQLi\Connection.php on line 327.
 1 SYSTEMPATH\Database\MySQLi\Connection.php(327): mysqli->query('SELECT *
FROM `categorias`', 0)
 2 SYSTEMPATH\Database\BaseConnection.php(738): CodeIgniter\Database\MySQLi\Connection->execute('SELECT *
FROM `categorias`')
 3 SYSTEMPATH\Database\BaseConnection.php(652): CodeIgniter\Database\BaseConnection->simpleQuery('SELECT *
FROM `categorias`')
 4 SYSTEMPATH\Database\BaseBuilder.php(1649): CodeIgniter\Database\BaseConnection->query('SELECT *
FROM `categorias`', [], false)
 5 SYSTEMPATH\Model.php(286): CodeIgniter\Database\BaseBuilder->get()
 6 SYSTEMPATH\BaseModel.php(675): CodeIgniter\Model->doFindAll(0, 0)
 7 APPPATH\Controllers\Productos.php(22): CodeIgniter\BaseModel->findAll()
 8 SYSTEMPATH\CodeIgniter.php(933): App\Controllers\Productos->index()
 9 SYSTEMPATH\CodeIgniter.php(507): CodeIgniter\CodeIgniter->runController(Object(App\Controllers\Productos))
10 SYSTEMPATH\CodeIgniter.php(354): CodeIgniter\CodeIgniter->handleRequest(null, Object(Config\Cache), false)
11 SYSTEMPATH\Boot.php(334): CodeIgniter\CodeIgniter->run()
12 SYSTEMPATH\Boot.php(67): CodeIgniter\Boot::runCodeIgniter(Object(CodeIgniter\CodeIgniter))
13 FCPATH\index.php(56): CodeIgniter\Boot::bootWeb(Object(Config\Paths))
ERROR - 2025-05-16 19:29:26 --> mysqli_sql_exception: Table 'lairpur_data_base.marcas' doesn't exist in C:\xampp\htdocs\L-Air-Pur-Ecommerce\system\Database\MySQLi\Connection.php:327
Stack trace:
#0 C:\xampp\htdocs\L-Air-Pur-Ecommerce\system\Database\MySQLi\Connection.php(327): mysqli->query('SELECT *\nFROM `...', 0)
#1 C:\xampp\htdocs\L-Air-Pur-Ecommerce\system\Database\BaseConnection.php(738): CodeIgniter\Database\MySQLi\Connection->execute('SELECT *\nFROM `...')
#2 C:\xampp\htdocs\L-Air-Pur-Ecommerce\system\Database\BaseConnection.php(652): CodeIgniter\Database\BaseConnection->simpleQuery('SELECT *\nFROM `...')
#3 C:\xampp\htdocs\L-Air-Pur-Ecommerce\system\Database\BaseBuilder.php(1649): CodeIgniter\Database\BaseConnection->query('SELECT *\nFROM `...', Array, false)
#4 C:\xampp\htdocs\L-Air-Pur-Ecommerce\system\Model.php(286): CodeIgniter\Database\BaseBuilder->get()
#5 C:\xampp\htdocs\L-Air-Pur-Ecommerce\system\BaseModel.php(675): CodeIgniter\Model->doFindAll(0, 0)
#6 C:\xampp\htdocs\L-Air-Pur-Ecommerce\app\Controllers\Productos.php(25): CodeIgniter\BaseModel->findAll()
#7 C:\xampp\htdocs\L-Air-Pur-Ecommerce\system\CodeIgniter.php(933): App\Controllers\Productos->index()
#8 C:\xampp\htdocs\L-Air-Pur-Ecommerce\system\CodeIgniter.php(507): CodeIgniter\CodeIgniter->runController(Object(App\Controllers\Productos))
#9 C:\xampp\htdocs\L-Air-Pur-Ecommerce\system\CodeIgniter.php(354): CodeIgniter\CodeIgniter->handleRequest(NULL, Object(Config\Cache), false)
#10 C:\xampp\htdocs\L-Air-Pur-Ecommerce\system\Boot.php(334): CodeIgniter\CodeIgniter->run()
#11 C:\xampp\htdocs\L-Air-Pur-Ecommerce\system\Boot.php(67): CodeIgniter\Boot::runCodeIgniter(Object(CodeIgniter\CodeIgniter))
#12 C:\xampp\htdocs\L-Air-Pur-Ecommerce\index.php(56): CodeIgniter\Boot::bootWeb(Object(Config\Paths))
#13 {main}
CRITICAL - 2025-05-16 19:29:26 --> CodeIgniter\Database\Exceptions\DatabaseException: Table 'lairpur_data_base.marcas' doesn't exist
[Method: GET, Route: Productos]
in SYSTEMPATH\Database\BaseConnection.php on line 692.
 1 SYSTEMPATH\Database\BaseBuilder.php(1649): CodeIgniter\Database\BaseConnection->query('SELECT *
FROM `Marcas`', [], false)
 2 SYSTEMPATH\Model.php(286): CodeIgniter\Database\BaseBuilder->get()
 3 SYSTEMPATH\BaseModel.php(675): CodeIgniter\Model->doFindAll(0, 0)
 4 APPPATH\Controllers\Productos.php(25): CodeIgniter\BaseModel->findAll()
 5 SYSTEMPATH\CodeIgniter.php(933): App\Controllers\Productos->index()
 6 SYSTEMPATH\CodeIgniter.php(507): CodeIgniter\CodeIgniter->runController(Object(App\Controllers\Productos))
 7 SYSTEMPATH\CodeIgniter.php(354): CodeIgniter\CodeIgniter->handleRequest(null, Object(Config\Cache), false)
 8 SYSTEMPATH\Boot.php(334): CodeIgniter\CodeIgniter->run()
 9 SYSTEMPATH\Boot.php(67): CodeIgniter\Boot::runCodeIgniter(Object(CodeIgniter\CodeIgniter))
10 FCPATH\index.php(56): CodeIgniter\Boot::bootWeb(Object(Config\Paths))
CRITICAL - 2025-05-16 19:29:26 --> [Caused by] CodeIgniter\Database\Exceptions\DatabaseException: Table 'lairpur_data_base.marcas' doesn't exist
in SYSTEMPATH\Database\MySQLi\Connection.php on line 332.
 1 SYSTEMPATH\Database\BaseConnection.php(738): CodeIgniter\Database\MySQLi\Connection->execute('SELECT *
FROM `Marcas`')
 2 SYSTEMPATH\Database\BaseConnection.php(652): CodeIgniter\Database\BaseConnection->simpleQuery('SELECT *
FROM `Marcas`')
 3 SYSTEMPATH\Database\BaseBuilder.php(1649): CodeIgniter\Database\BaseConnection->query('SELECT *
FROM `Marcas`', [], false)
 4 SYSTEMPATH\Model.php(286): CodeIgniter\Database\BaseBuilder->get()
 5 SYSTEMPATH\BaseModel.php(675): CodeIgniter\Model->doFindAll(0, 0)
 6 APPPATH\Controllers\Productos.php(25): CodeIgniter\BaseModel->findAll()
 7 SYSTEMPATH\CodeIgniter.php(933): App\Controllers\Productos->index()
 8 SYSTEMPATH\CodeIgniter.php(507): CodeIgniter\CodeIgniter->runController(Object(App\Controllers\Productos))
 9 SYSTEMPATH\CodeIgniter.php(354): CodeIgniter\CodeIgniter->handleRequest(null, Object(Config\Cache), false)
10 SYSTEMPATH\Boot.php(334): CodeIgniter\CodeIgniter->run()
11 SYSTEMPATH\Boot.php(67): CodeIgniter\Boot::runCodeIgniter(Object(CodeIgniter\CodeIgniter))
12 FCPATH\index.php(56): CodeIgniter\Boot::bootWeb(Object(Config\Paths))
CRITICAL - 2025-05-16 19:29:26 --> [Caused by] mysqli_sql_exception: Table 'lairpur_data_base.marcas' doesn't exist
in SYSTEMPATH\Database\MySQLi\Connection.php on line 327.
 1 SYSTEMPATH\Database\MySQLi\Connection.php(327): mysqli->query('SELECT *
FROM `Marcas`', 0)
 2 SYSTEMPATH\Database\BaseConnection.php(738): CodeIgniter\Database\MySQLi\Connection->execute('SELECT *
FROM `Marcas`')
 3 SYSTEMPATH\Database\BaseConnection.php(652): CodeIgniter\Database\BaseConnection->simpleQuery('SELECT *
FROM `Marcas`')
 4 SYSTEMPATH\Database\BaseBuilder.php(1649): CodeIgniter\Database\BaseConnection->query('SELECT *
FROM `Marcas`', [], false)
 5 SYSTEMPATH\Model.php(286): CodeIgniter\Database\BaseBuilder->get()
 6 SYSTEMPATH\BaseModel.php(675): CodeIgniter\Model->doFindAll(0, 0)
 7 APPPATH\Controllers\Productos.php(25): CodeIgniter\BaseModel->findAll()
 8 SYSTEMPATH\CodeIgniter.php(933): App\Controllers\Productos->index()
 9 SYSTEMPATH\CodeIgniter.php(507): CodeIgniter\CodeIgniter->runController(Object(App\Controllers\Productos))
10 SYSTEMPATH\CodeIgniter.php(354): CodeIgniter\CodeIgniter->handleRequest(null, Object(Config\Cache), false)
11 SYSTEMPATH\Boot.php(334): CodeIgniter\CodeIgniter->run()
12 SYSTEMPATH\Boot.php(67): CodeIgniter\Boot::runCodeIgniter(Object(CodeIgniter\CodeIgniter))
13 FCPATH\index.php(56): CodeIgniter\Boot::bootWeb(Object(Config\Paths))
CRITICAL - 2025-05-16 19:58:45 --> CodeIgniter\View\Exceptions\ViewException: Invalid file: "errors/custom_404.php"
[Method: GET, Route: Login]
in SYSTEMPATH\Exceptions\FrameworkException.php on line 39.
 1 SYSTEMPATH\View\View.php(212): CodeIgniter\Exceptions\FrameworkException::forInvalidFile('errors/custom_404.php')
 2 SYSTEMPATH\Common.php(1173): CodeIgniter\View\View->render('errors/custom_404', [], true)
 3 APPPATH\Config\Routes.php(34): view('errors/custom_404')
 4 SYSTEMPATH\CodeIgniter.php(955): CodeIgniter\Router\RouteCollection->{closure}('Controller method is not found: "Login"')
 5 SYSTEMPATH\CodeIgniter.php(360): CodeIgniter\CodeIgniter->display404errors(Object(CodeIgniter\Exceptions\PageNotFoundException))
 6 SYSTEMPATH\Boot.php(334): CodeIgniter\CodeIgniter->run()
 7 SYSTEMPATH\Boot.php(67): CodeIgniter\Boot::runCodeIgniter(Object(CodeIgniter\CodeIgniter))
 8 FCPATH\index.php(56): CodeIgniter\Boot::bootWeb(Object(Config\Paths))
CRITICAL - 2025-05-16 19:58:50 --> CodeIgniter\View\Exceptions\ViewException: Invalid file: "errors/custom_404.php"
[Method: GET, Route: login]
in SYSTEMPATH\Exceptions\FrameworkException.php on line 39.
 1 SYSTEMPATH\View\View.php(212): CodeIgniter\Exceptions\FrameworkException::forInvalidFile('errors/custom_404.php')
 2 SYSTEMPATH\Common.php(1173): CodeIgniter\View\View->render('errors/custom_404', [], true)
 3 APPPATH\Config\Routes.php(34): view('errors/custom_404')
 4 SYSTEMPATH\CodeIgniter.php(955): CodeIgniter\Router\RouteCollection->{closure}('Can\'t find a route for \'GET: login\'.')
 5 SYSTEMPATH\CodeIgniter.php(360): CodeIgniter\CodeIgniter->display404errors(Object(CodeIgniter\Exceptions\PageNotFoundException))
 6 SYSTEMPATH\Boot.php(334): CodeIgniter\CodeIgniter->run()
 7 SYSTEMPATH\Boot.php(67): CodeIgniter\Boot::runCodeIgniter(Object(CodeIgniter\CodeIgniter))
 8 FCPATH\index.php(56): CodeIgniter\Boot::bootWeb(Object(Config\Paths))
CRITICAL - 2025-05-16 19:58:55 --> CodeIgniter\View\Exceptions\ViewException: Invalid file: "errors/custom_404.php"
[Method: GET, Route: login/]
in SYSTEMPATH\Exceptions\FrameworkException.php on line 39.
 1 SYSTEMPATH\View\View.php(212): CodeIgniter\Exceptions\FrameworkException::forInvalidFile('errors/custom_404.php')
 2 SYSTEMPATH\Common.php(1173): CodeIgniter\View\View->render('errors/custom_404', [], true)
 3 APPPATH\Config\Routes.php(34): view('errors/custom_404')
 4 SYSTEMPATH\CodeIgniter.php(955): CodeIgniter\Router\RouteCollection->{closure}('Can\'t find a route for \'GET: login/\'.')
 5 SYSTEMPATH\CodeIgniter.php(360): CodeIgniter\CodeIgniter->display404errors(Object(CodeIgniter\Exceptions\PageNotFoundException))
 6 SYSTEMPATH\Boot.php(334): CodeIgniter\CodeIgniter->run()
 7 SYSTEMPATH\Boot.php(67): CodeIgniter\Boot::runCodeIgniter(Object(CodeIgniter\CodeIgniter))
 8 FCPATH\index.php(56): CodeIgniter\Boot::bootWeb(Object(Config\Paths))
CRITICAL - 2025-05-16 19:59:01 --> CodeIgniter\View\Exceptions\ViewException: Invalid file: "errors/custom_404.php"
[Method: GET, Route: Login/]
in SYSTEMPATH\Exceptions\FrameworkException.php on line 39.
 1 SYSTEMPATH\View\View.php(212): CodeIgniter\Exceptions\FrameworkException::forInvalidFile('errors/custom_404.php')
 2 SYSTEMPATH\Common.php(1173): CodeIgniter\View\View->render('errors/custom_404', [], true)
 3 APPPATH\Config\Routes.php(34): view('errors/custom_404')
 4 SYSTEMPATH\CodeIgniter.php(955): CodeIgniter\Router\RouteCollection->{closure}('Controller method is not found: "Login"')
 5 SYSTEMPATH\CodeIgniter.php(360): CodeIgniter\CodeIgniter->display404errors(Object(CodeIgniter\Exceptions\PageNotFoundException))
 6 SYSTEMPATH\Boot.php(334): CodeIgniter\CodeIgniter->run()
 7 SYSTEMPATH\Boot.php(67): CodeIgniter\Boot::runCodeIgniter(Object(CodeIgniter\CodeIgniter))
 8 FCPATH\index.php(56): CodeIgniter\Boot::bootWeb(Object(Config\Paths))
DEBUG - 2025-05-16 20:08:16 --> Session: Class initialized using 'CodeIgniter\Session\Handlers\FileHandler' driver.
CRITICAL - 2025-05-16 20:08:24 --> CodeIgniter\View\Exceptions\ViewException: Invalid file: "errors/custom_404.php"
[Method: GET, Route: Login]
in SYSTEMPATH\Exceptions\FrameworkException.php on line 39.
 1 SYSTEMPATH\View\View.php(212): CodeIgniter\Exceptions\FrameworkException::forInvalidFile('errors/custom_404.php')
 2 SYSTEMPATH\Common.php(1173): CodeIgniter\View\View->render('errors/custom_404', [], true)
 3 APPPATH\Config\Routes.php(37): view('errors/custom_404')
 4 SYSTEMPATH\CodeIgniter.php(955): CodeIgniter\Router\RouteCollection->{closure}('Can\'t find a route for \'GET: Login\'.')
 5 SYSTEMPATH\CodeIgniter.php(360): CodeIgniter\CodeIgniter->display404errors(Object(CodeIgniter\Exceptions\PageNotFoundException))
 6 SYSTEMPATH\Boot.php(334): CodeIgniter\CodeIgniter->run()
 7 SYSTEMPATH\Boot.php(67): CodeIgniter\Boot::runCodeIgniter(Object(CodeIgniter\CodeIgniter))
 8 FCPATH\index.php(56): CodeIgniter\Boot::bootWeb(Object(Config\Paths))
CRITICAL - 2025-05-16 20:08:31 --> CodeIgniter\View\Exceptions\ViewException: Invalid file: "errors/custom_404.php"
[Method: GET, Route: Auth/Login]
in SYSTEMPATH\Exceptions\FrameworkException.php on line 39.
 1 SYSTEMPATH\View\View.php(212): CodeIgniter\Exceptions\FrameworkException::forInvalidFile('errors/custom_404.php')
 2 SYSTEMPATH\Common.php(1173): CodeIgniter\View\View->render('errors/custom_404', [], true)
 3 APPPATH\Config\Routes.php(37): view('errors/custom_404')
 4 SYSTEMPATH\CodeIgniter.php(955): CodeIgniter\Router\RouteCollection->{closure}('Can\'t find a route for \'GET: Auth/Login\'.')
 5 SYSTEMPATH\CodeIgniter.php(360): CodeIgniter\CodeIgniter->display404errors(Object(CodeIgniter\Exceptions\PageNotFoundException))
 6 SYSTEMPATH\Boot.php(334): CodeIgniter\CodeIgniter->run()
 7 SYSTEMPATH\Boot.php(67): CodeIgniter\Boot::runCodeIgniter(Object(CodeIgniter\CodeIgniter))
 8 FCPATH\index.php(56): CodeIgniter\Boot::bootWeb(Object(Config\Paths))
CRITICAL - 2025-05-16 20:11:52 --> CodeIgniter\View\Exceptions\ViewException: Invalid file: "Auth/Login.php"
[Method: GET, Route: Login]
in SYSTEMPATH\Exceptions\FrameworkException.php on line 39.
 1 SYSTEMPATH\View\View.php(212): CodeIgniter\Exceptions\FrameworkException::forInvalidFile('Auth/Login.php')
 2 SYSTEMPATH\Common.php(1173): CodeIgniter\View\View->render('Auth/Login', [], true)
 3 APPPATH\Controllers\LoginController.php(13): view('Auth/Login')
 4 SYSTEMPATH\CodeIgniter.php(933): App\Controllers\LoginController->index()
 5 SYSTEMPATH\CodeIgniter.php(507): CodeIgniter\CodeIgniter->runController(Object(App\Controllers\LoginController))
 6 SYSTEMPATH\CodeIgniter.php(354): CodeIgniter\CodeIgniter->handleRequest(null, Object(Config\Cache), false)
 7 SYSTEMPATH\Boot.php(334): CodeIgniter\CodeIgniter->run()
 8 SYSTEMPATH\Boot.php(67): CodeIgniter\Boot::runCodeIgniter(Object(CodeIgniter\CodeIgniter))
 9 FCPATH\index.php(56): CodeIgniter\Boot::bootWeb(Object(Config\Paths))
CRITICAL - 2025-05-16 20:15:51 --> CodeIgniter\View\Exceptions\ViewException: Invalid file: "Auth/Login.php"
[Method: GET, Route: Login]
in SYSTEMPATH\Exceptions\FrameworkException.php on line 39.
 1 SYSTEMPATH\View\View.php(212): CodeIgniter\Exceptions\FrameworkException::forInvalidFile('Auth/Login.php')
 2 SYSTEMPATH\Common.php(1173): CodeIgniter\View\View->render('Auth/Login', [], true)
 3 APPPATH\Controllers\LoginController.php(13): view('Auth/Login')
 4 SYSTEMPATH\CodeIgniter.php(933): App\Controllers\LoginController->index()
 5 SYSTEMPATH\CodeIgniter.php(507): CodeIgniter\CodeIgniter->runController(Object(App\Controllers\LoginController))
 6 SYSTEMPATH\CodeIgniter.php(354): CodeIgniter\CodeIgniter->handleRequest(null, Object(Config\Cache), false)
 7 SYSTEMPATH\Boot.php(334): CodeIgniter\CodeIgniter->run()
 8 SYSTEMPATH\Boot.php(67): CodeIgniter\Boot::runCodeIgniter(Object(CodeIgniter\CodeIgniter))
 9 FCPATH\index.php(56): CodeIgniter\Boot::bootWeb(Object(Config\Paths))
CRITICAL - 2025-05-16 20:15:52 --> CodeIgniter\View\Exceptions\ViewException: Invalid file: "Auth/Login.php"
[Method: GET, Route: Login]
in SYSTEMPATH\Exceptions\FrameworkException.php on line 39.
 1 SYSTEMPATH\View\View.php(212): CodeIgniter\Exceptions\FrameworkException::forInvalidFile('Auth/Login.php')
 2 SYSTEMPATH\Common.php(1173): CodeIgniter\View\View->render('Auth/Login', [], true)
 3 APPPATH\Controllers\LoginController.php(13): view('Auth/Login')
 4 SYSTEMPATH\CodeIgniter.php(933): App\Controllers\LoginController->index()
 5 SYSTEMPATH\CodeIgniter.php(507): CodeIgniter\CodeIgniter->runController(Object(App\Controllers\LoginController))
 6 SYSTEMPATH\CodeIgniter.php(354): CodeIgniter\CodeIgniter->handleRequest(null, Object(Config\Cache), false)
 7 SYSTEMPATH\Boot.php(334): CodeIgniter\CodeIgniter->run()
 8 SYSTEMPATH\Boot.php(67): CodeIgniter\Boot::runCodeIgniter(Object(CodeIgniter\CodeIgniter))
 9 FCPATH\index.php(56): CodeIgniter\Boot::bootWeb(Object(Config\Paths))
CRITICAL - 2025-05-16 20:16:05 --> CodeIgniter\View\Exceptions\ViewException: Invalid file: "Auth/Login.php"
[Method: GET, Route: Login]
in SYSTEMPATH\Exceptions\FrameworkException.php on line 39.
 1 SYSTEMPATH\View\View.php(212): CodeIgniter\Exceptions\FrameworkException::forInvalidFile('Auth/Login.php')
 2 SYSTEMPATH\Common.php(1173): CodeIgniter\View\View->render('Auth/Login', [], true)
 3 APPPATH\Controllers\LoginController.php(13): view('Auth/Login')
 4 SYSTEMPATH\CodeIgniter.php(933): App\Controllers\LoginController->index()
 5 SYSTEMPATH\CodeIgniter.php(507): CodeIgniter\CodeIgniter->runController(Object(App\Controllers\LoginController))
 6 SYSTEMPATH\CodeIgniter.php(354): CodeIgniter\CodeIgniter->handleRequest(null, Object(Config\Cache), false)
 7 SYSTEMPATH\Boot.php(334): CodeIgniter\CodeIgniter->run()
 8 SYSTEMPATH\Boot.php(67): CodeIgniter\Boot::runCodeIgniter(Object(CodeIgniter\CodeIgniter))
 9 FCPATH\index.php(56): CodeIgniter\Boot::bootWeb(Object(Config\Paths))
CRITICAL - 2025-05-16 20:16:23 --> CodeIgniter\View\Exceptions\ViewException: Invalid file: "errors/custom_404.php"
[Method: GET, Route: Auth/Login]
in SYSTEMPATH\Exceptions\FrameworkException.php on line 39.
 1 SYSTEMPATH\View\View.php(212): CodeIgniter\Exceptions\FrameworkException::forInvalidFile('errors/custom_404.php')
 2 SYSTEMPATH\Common.php(1173): CodeIgniter\View\View->render('errors/custom_404', [], true)
 3 APPPATH\Config\Routes.php(38): view('errors/custom_404')
 4 SYSTEMPATH\CodeIgniter.php(955): CodeIgniter\Router\RouteCollection->{closure}('Can\'t find a route for \'GET: Auth/Login\'.')
 5 SYSTEMPATH\CodeIgniter.php(360): CodeIgniter\CodeIgniter->display404errors(Object(CodeIgniter\Exceptions\PageNotFoundException))
 6 SYSTEMPATH\Boot.php(334): CodeIgniter\CodeIgniter->run()
 7 SYSTEMPATH\Boot.php(67): CodeIgniter\Boot::runCodeIgniter(Object(CodeIgniter\CodeIgniter))
 8 FCPATH\index.php(56): CodeIgniter\Boot::bootWeb(Object(Config\Paths))
CRITICAL - 2025-05-16 20:18:44 --> CodeIgniter\View\Exceptions\ViewException: Invalid file: "errors/custom_404.php"
[Method: GET, Route: loguot]
in SYSTEMPATH\Exceptions\FrameworkException.php on line 39.
 1 SYSTEMPATH\View\View.php(212): CodeIgniter\Exceptions\FrameworkException::forInvalidFile('errors/custom_404.php')
 2 SYSTEMPATH\Common.php(1173): CodeIgniter\View\View->render('errors/custom_404', [], true)
 3 APPPATH\Config\Routes.php(38): view('errors/custom_404')
 4 SYSTEMPATH\CodeIgniter.php(955): CodeIgniter\Router\RouteCollection->{closure}('Can\'t find a route for \'GET: loguot\'.')
 5 SYSTEMPATH\CodeIgniter.php(360): CodeIgniter\CodeIgniter->display404errors(Object(CodeIgniter\Exceptions\PageNotFoundException))
 6 SYSTEMPATH\Boot.php(334): CodeIgniter\CodeIgniter->run()
 7 SYSTEMPATH\Boot.php(67): CodeIgniter\Boot::runCodeIgniter(Object(CodeIgniter\CodeIgniter))
 8 FCPATH\index.php(56): CodeIgniter\Boot::bootWeb(Object(Config\Paths))
DEBUG - 2025-05-16 20:18:54 --> Session: Class initialized using 'CodeIgniter\Session\Handlers\FileHandler' driver.
CRITICAL - 2025-05-16 20:18:55 --> CodeIgniter\View\Exceptions\ViewException: Invalid file: "errors/custom_404.php"
[Method: GET, Route: login]
in SYSTEMPATH\Exceptions\FrameworkException.php on line 39.
 1 SYSTEMPATH\View\View.php(212): CodeIgniter\Exceptions\FrameworkException::forInvalidFile('errors/custom_404.php')
 2 SYSTEMPATH\Common.php(1173): CodeIgniter\View\View->render('errors/custom_404', [], true)
 3 APPPATH\Config\Routes.php(38): view('errors/custom_404')
 4 SYSTEMPATH\CodeIgniter.php(955): CodeIgniter\Router\RouteCollection->{closure}('Can\'t find a route for \'GET: login\'.')
 5 SYSTEMPATH\CodeIgniter.php(360): CodeIgniter\CodeIgniter->display404errors(Object(CodeIgniter\Exceptions\PageNotFoundException))
 6 SYSTEMPATH\Boot.php(334): CodeIgniter\CodeIgniter->run()
 7 SYSTEMPATH\Boot.php(67): CodeIgniter\Boot::runCodeIgniter(Object(CodeIgniter\CodeIgniter))
 8 FCPATH\index.php(56): CodeIgniter\Boot::bootWeb(Object(Config\Paths))
CRITICAL - 2025-05-16 20:18:57 --> CodeIgniter\View\Exceptions\ViewException: Invalid file: "errors/custom_404.php"
[Method: GET, Route: login]
in SYSTEMPATH\Exceptions\FrameworkException.php on line 39.
 1 SYSTEMPATH\View\View.php(212): CodeIgniter\Exceptions\FrameworkException::forInvalidFile('errors/custom_404.php')
 2 SYSTEMPATH\Common.php(1173): CodeIgniter\View\View->render('errors/custom_404', [], true)
 3 APPPATH\Config\Routes.php(38): view('errors/custom_404')
 4 SYSTEMPATH\CodeIgniter.php(955): CodeIgniter\Router\RouteCollection->{closure}('Can\'t find a route for \'GET: login\'.')
 5 SYSTEMPATH\CodeIgniter.php(360): CodeIgniter\CodeIgniter->display404errors(Object(CodeIgniter\Exceptions\PageNotFoundException))
 6 SYSTEMPATH\Boot.php(334): CodeIgniter\CodeIgniter->run()
 7 SYSTEMPATH\Boot.php(67): CodeIgniter\Boot::runCodeIgniter(Object(CodeIgniter\CodeIgniter))
 8 FCPATH\index.php(56): CodeIgniter\Boot::bootWeb(Object(Config\Paths))
CRITICAL - 2025-05-16 20:20:04 --> CodeIgniter\View\Exceptions\ViewException: Invalid file: "Auth/Login.php"
[Method: GET, Route: Login]
in SYSTEMPATH\Exceptions\FrameworkException.php on line 39.
 1 SYSTEMPATH\View\View.php(212): CodeIgniter\Exceptions\FrameworkException::forInvalidFile('Auth/Login.php')
 2 SYSTEMPATH\Common.php(1173): CodeIgniter\View\View->render('Auth/Login', [], true)
 3 APPPATH\Controllers\LoginController.php(13): view('Auth/Login')
 4 SYSTEMPATH\CodeIgniter.php(933): App\Controllers\LoginController->index()
 5 SYSTEMPATH\CodeIgniter.php(507): CodeIgniter\CodeIgniter->runController(Object(App\Controllers\LoginController))
 6 SYSTEMPATH\CodeIgniter.php(354): CodeIgniter\CodeIgniter->handleRequest(null, Object(Config\Cache), false)
 7 SYSTEMPATH\Boot.php(334): CodeIgniter\CodeIgniter->run()
 8 SYSTEMPATH\Boot.php(67): CodeIgniter\Boot::runCodeIgniter(Object(CodeIgniter\CodeIgniter))
 9 FCPATH\index.php(56): CodeIgniter\Boot::bootWeb(Object(Config\Paths))
CRITICAL - 2025-05-16 20:22:47 --> CodeIgniter\View\Exceptions\ViewException: Invalid file: "Auth/Login.php"
[Method: GET, Route: Login]
in SYSTEMPATH\Exceptions\FrameworkException.php on line 39.
 1 SYSTEMPATH\View\View.php(212): CodeIgniter\Exceptions\FrameworkException::forInvalidFile('Auth/Login.php')
 2 SYSTEMPATH\Common.php(1173): CodeIgniter\View\View->render('Auth/Login', [], true)
 3 APPPATH\Controllers\LoginController.php(13): view('Auth/Login')
 4 SYSTEMPATH\CodeIgniter.php(933): App\Controllers\LoginController->index()
 5 SYSTEMPATH\CodeIgniter.php(507): CodeIgniter\CodeIgniter->runController(Object(App\Controllers\LoginController))
 6 SYSTEMPATH\CodeIgniter.php(354): CodeIgniter\CodeIgniter->handleRequest(null, Object(Config\Cache), false)
 7 SYSTEMPATH\Boot.php(334): CodeIgniter\CodeIgniter->run()
 8 SYSTEMPATH\Boot.php(67): CodeIgniter\Boot::runCodeIgniter(Object(CodeIgniter\CodeIgniter))
 9 FCPATH\index.php(56): CodeIgniter\Boot::bootWeb(Object(Config\Paths))
CRITICAL - 2025-05-16 20:22:48 --> CodeIgniter\View\Exceptions\ViewException: Invalid file: "Auth/Login.php"
[Method: GET, Route: Login]
in SYSTEMPATH\Exceptions\FrameworkException.php on line 39.
 1 SYSTEMPATH\View\View.php(212): CodeIgniter\Exceptions\FrameworkException::forInvalidFile('Auth/Login.php')
 2 SYSTEMPATH\Common.php(1173): CodeIgniter\View\View->render('Auth/Login', [], true)
 3 APPPATH\Controllers\LoginController.php(13): view('Auth/Login')
 4 SYSTEMPATH\CodeIgniter.php(933): App\Controllers\LoginController->index()
 5 SYSTEMPATH\CodeIgniter.php(507): CodeIgniter\CodeIgniter->runController(Object(App\Controllers\LoginController))
 6 SYSTEMPATH\CodeIgniter.php(354): CodeIgniter\CodeIgniter->handleRequest(null, Object(Config\Cache), false)
 7 SYSTEMPATH\Boot.php(334): CodeIgniter\CodeIgniter->run()
 8 SYSTEMPATH\Boot.php(67): CodeIgniter\Boot::runCodeIgniter(Object(CodeIgniter\CodeIgniter))
 9 FCPATH\index.php(56): CodeIgniter\Boot::bootWeb(Object(Config\Paths))
CRITICAL - 2025-05-16 20:22:49 --> CodeIgniter\View\Exceptions\ViewException: Invalid file: "Auth/Login.php"
[Method: GET, Route: Login]
in SYSTEMPATH\Exceptions\FrameworkException.php on line 39.
 1 SYSTEMPATH\View\View.php(212): CodeIgniter\Exceptions\FrameworkException::forInvalidFile('Auth/Login.php')
 2 SYSTEMPATH\Common.php(1173): CodeIgniter\View\View->render('Auth/Login', [], true)
 3 APPPATH\Controllers\LoginController.php(13): view('Auth/Login')
 4 SYSTEMPATH\CodeIgniter.php(933): App\Controllers\LoginController->index()
 5 SYSTEMPATH\CodeIgniter.php(507): CodeIgniter\CodeIgniter->runController(Object(App\Controllers\LoginController))
 6 SYSTEMPATH\CodeIgniter.php(354): CodeIgniter\CodeIgniter->handleRequest(null, Object(Config\Cache), false)
 7 SYSTEMPATH\Boot.php(334): CodeIgniter\CodeIgniter->run()
 8 SYSTEMPATH\Boot.php(67): CodeIgniter\Boot::runCodeIgniter(Object(CodeIgniter\CodeIgniter))
 9 FCPATH\index.php(56): CodeIgniter\Boot::bootWeb(Object(Config\Paths))
CRITICAL - 2025-05-16 20:22:50 --> CodeIgniter\View\Exceptions\ViewException: Invalid file: "Auth/Login.php"
[Method: GET, Route: Login]
in SYSTEMPATH\Exceptions\FrameworkException.php on line 39.
 1 SYSTEMPATH\View\View.php(212): CodeIgniter\Exceptions\FrameworkException::forInvalidFile('Auth/Login.php')
 2 SYSTEMPATH\Common.php(1173): CodeIgniter\View\View->render('Auth/Login', [], true)
 3 APPPATH\Controllers\LoginController.php(13): view('Auth/Login')
 4 SYSTEMPATH\CodeIgniter.php(933): App\Controllers\LoginController->index()
 5 SYSTEMPATH\CodeIgniter.php(507): CodeIgniter\CodeIgniter->runController(Object(App\Controllers\LoginController))
 6 SYSTEMPATH\CodeIgniter.php(354): CodeIgniter\CodeIgniter->handleRequest(null, Object(Config\Cache), false)
 7 SYSTEMPATH\Boot.php(334): CodeIgniter\CodeIgniter->run()
 8 SYSTEMPATH\Boot.php(67): CodeIgniter\Boot::runCodeIgniter(Object(CodeIgniter\CodeIgniter))
 9 FCPATH\index.php(56): CodeIgniter\Boot::bootWeb(Object(Config\Paths))
CRITICAL - 2025-05-16 20:23:53 --> CodeIgniter\View\Exceptions\ViewException: Invalid file: "Auth/Login.php"
[Method: GET, Route: Login]
in SYSTEMPATH\Exceptions\FrameworkException.php on line 39.
 1 SYSTEMPATH\View\View.php(212): CodeIgniter\Exceptions\FrameworkException::forInvalidFile('Auth/Login.php')
 2 SYSTEMPATH\Common.php(1173): CodeIgniter\View\View->render('Auth/Login', [], true)
 3 APPPATH\Controllers\LoginController.php(13): view('Auth/Login')
 4 SYSTEMPATH\CodeIgniter.php(933): App\Controllers\LoginController->index()
 5 SYSTEMPATH\CodeIgniter.php(507): CodeIgniter\CodeIgniter->runController(Object(App\Controllers\LoginController))
 6 SYSTEMPATH\CodeIgniter.php(354): CodeIgniter\CodeIgniter->handleRequest(null, Object(Config\Cache), false)
 7 SYSTEMPATH\Boot.php(334): CodeIgniter\CodeIgniter->run()
 8 SYSTEMPATH\Boot.php(67): CodeIgniter\Boot::runCodeIgniter(Object(CodeIgniter\CodeIgniter))
 9 FCPATH\index.php(56): CodeIgniter\Boot::bootWeb(Object(Config\Paths))
CRITICAL - 2025-05-16 20:23:54 --> CodeIgniter\View\Exceptions\ViewException: Invalid file: "Auth/Login.php"
[Method: GET, Route: Login]
in SYSTEMPATH\Exceptions\FrameworkException.php on line 39.
 1 SYSTEMPATH\View\View.php(212): CodeIgniter\Exceptions\FrameworkException::forInvalidFile('Auth/Login.php')
 2 SYSTEMPATH\Common.php(1173): CodeIgniter\View\View->render('Auth/Login', [], true)
 3 APPPATH\Controllers\LoginController.php(13): view('Auth/Login')
 4 SYSTEMPATH\CodeIgniter.php(933): App\Controllers\LoginController->index()
 5 SYSTEMPATH\CodeIgniter.php(507): CodeIgniter\CodeIgniter->runController(Object(App\Controllers\LoginController))
 6 SYSTEMPATH\CodeIgniter.php(354): CodeIgniter\CodeIgniter->handleRequest(null, Object(Config\Cache), false)
 7 SYSTEMPATH\Boot.php(334): CodeIgniter\CodeIgniter->run()
 8 SYSTEMPATH\Boot.php(67): CodeIgniter\Boot::runCodeIgniter(Object(CodeIgniter\CodeIgniter))
 9 FCPATH\index.php(56): CodeIgniter\Boot::bootWeb(Object(Config\Paths))
CRITICAL - 2025-05-16 20:23:55 --> CodeIgniter\View\Exceptions\ViewException: Invalid file: "Auth/Login.php"
[Method: GET, Route: Login]
in SYSTEMPATH\Exceptions\FrameworkException.php on line 39.
 1 SYSTEMPATH\View\View.php(212): CodeIgniter\Exceptions\FrameworkException::forInvalidFile('Auth/Login.php')
 2 SYSTEMPATH\Common.php(1173): CodeIgniter\View\View->render('Auth/Login', [], true)
 3 APPPATH\Controllers\LoginController.php(13): view('Auth/Login')
 4 SYSTEMPATH\CodeIgniter.php(933): App\Controllers\LoginController->index()
 5 SYSTEMPATH\CodeIgniter.php(507): CodeIgniter\CodeIgniter->runController(Object(App\Controllers\LoginController))
 6 SYSTEMPATH\CodeIgniter.php(354): CodeIgniter\CodeIgniter->handleRequest(null, Object(Config\Cache), false)
 7 SYSTEMPATH\Boot.php(334): CodeIgniter\CodeIgniter->run()
 8 SYSTEMPATH\Boot.php(67): CodeIgniter\Boot::runCodeIgniter(Object(CodeIgniter\CodeIgniter))
 9 FCPATH\index.php(56): CodeIgniter\Boot::bootWeb(Object(Config\Paths))
CRITICAL - 2025-05-16 20:23:55 --> CodeIgniter\View\Exceptions\ViewException: Invalid file: "Auth/Login.php"
[Method: GET, Route: Login]
in SYSTEMPATH\Exceptions\FrameworkException.php on line 39.
 1 SYSTEMPATH\View\View.php(212): CodeIgniter\Exceptions\FrameworkException::forInvalidFile('Auth/Login.php')
 2 SYSTEMPATH\Common.php(1173): CodeIgniter\View\View->render('Auth/Login', [], true)
 3 APPPATH\Controllers\LoginController.php(13): view('Auth/Login')
 4 SYSTEMPATH\CodeIgniter.php(933): App\Controllers\LoginController->index()
 5 SYSTEMPATH\CodeIgniter.php(507): CodeIgniter\CodeIgniter->runController(Object(App\Controllers\LoginController))
 6 SYSTEMPATH\CodeIgniter.php(354): CodeIgniter\CodeIgniter->handleRequest(null, Object(Config\Cache), false)
 7 SYSTEMPATH\Boot.php(334): CodeIgniter\CodeIgniter->run()
 8 SYSTEMPATH\Boot.php(67): CodeIgniter\Boot::runCodeIgniter(Object(CodeIgniter\CodeIgniter))
 9 FCPATH\index.php(56): CodeIgniter\Boot::bootWeb(Object(Config\Paths))
CRITICAL - 2025-05-16 20:23:55 --> CodeIgniter\View\Exceptions\ViewException: Invalid file: "Auth/Login.php"
[Method: GET, Route: Login]
in SYSTEMPATH\Exceptions\FrameworkException.php on line 39.
 1 SYSTEMPATH\View\View.php(212): CodeIgniter\Exceptions\FrameworkException::forInvalidFile('Auth/Login.php')
 2 SYSTEMPATH\Common.php(1173): CodeIgniter\View\View->render('Auth/Login', [], true)
 3 APPPATH\Controllers\LoginController.php(13): view('Auth/Login')
 4 SYSTEMPATH\CodeIgniter.php(933): App\Controllers\LoginController->index()
 5 SYSTEMPATH\CodeIgniter.php(507): CodeIgniter\CodeIgniter->runController(Object(App\Controllers\LoginController))
 6 SYSTEMPATH\CodeIgniter.php(354): CodeIgniter\CodeIgniter->handleRequest(null, Object(Config\Cache), false)
 7 SYSTEMPATH\Boot.php(334): CodeIgniter\CodeIgniter->run()
 8 SYSTEMPATH\Boot.php(67): CodeIgniter\Boot::runCodeIgniter(Object(CodeIgniter\CodeIgniter))
 9 FCPATH\index.php(56): CodeIgniter\Boot::bootWeb(Object(Config\Paths))
CRITICAL - 2025-05-16 20:23:55 --> CodeIgniter\View\Exceptions\ViewException: Invalid file: "Auth/Login.php"
[Method: GET, Route: Login]
in SYSTEMPATH\Exceptions\FrameworkException.php on line 39.
 1 SYSTEMPATH\View\View.php(212): CodeIgniter\Exceptions\FrameworkException::forInvalidFile('Auth/Login.php')
 2 SYSTEMPATH\Common.php(1173): CodeIgniter\View\View->render('Auth/Login', [], true)
 3 APPPATH\Controllers\LoginController.php(13): view('Auth/Login')
 4 SYSTEMPATH\CodeIgniter.php(933): App\Controllers\LoginController->index()
 5 SYSTEMPATH\CodeIgniter.php(507): CodeIgniter\CodeIgniter->runController(Object(App\Controllers\LoginController))
 6 SYSTEMPATH\CodeIgniter.php(354): CodeIgniter\CodeIgniter->handleRequest(null, Object(Config\Cache), false)
 7 SYSTEMPATH\Boot.php(334): CodeIgniter\CodeIgniter->run()
 8 SYSTEMPATH\Boot.php(67): CodeIgniter\Boot::runCodeIgniter(Object(CodeIgniter\CodeIgniter))
 9 FCPATH\index.php(56): CodeIgniter\Boot::bootWeb(Object(Config\Paths))
CRITICAL - 2025-05-16 20:24:45 --> CodeIgniter\View\Exceptions\ViewException: Invalid file: "Auth/Login.php"
[Method: GET, Route: Login]
in SYSTEMPATH\Exceptions\FrameworkException.php on line 39.
 1 SYSTEMPATH\View\View.php(212): CodeIgniter\Exceptions\FrameworkException::forInvalidFile('Auth/Login.php')
 2 SYSTEMPATH\Common.php(1173): CodeIgniter\View\View->render('Auth/Login', [], true)
 3 APPPATH\Controllers\LoginController.php(13): view('Auth/Login')
 4 SYSTEMPATH\CodeIgniter.php(933): App\Controllers\LoginController->index()
 5 SYSTEMPATH\CodeIgniter.php(507): CodeIgniter\CodeIgniter->runController(Object(App\Controllers\LoginController))
 6 SYSTEMPATH\CodeIgniter.php(354): CodeIgniter\CodeIgniter->handleRequest(null, Object(Config\Cache), false)
 7 SYSTEMPATH\Boot.php(334): CodeIgniter\CodeIgniter->run()
 8 SYSTEMPATH\Boot.php(67): CodeIgniter\Boot::runCodeIgniter(Object(CodeIgniter\CodeIgniter))
 9 FCPATH\index.php(56): CodeIgniter\Boot::bootWeb(Object(Config\Paths))
CRITICAL - 2025-05-16 20:24:46 --> CodeIgniter\View\Exceptions\ViewException: Invalid file: "Auth/Login.php"
[Method: GET, Route: Login]
in SYSTEMPATH\Exceptions\FrameworkException.php on line 39.
 1 SYSTEMPATH\View\View.php(212): CodeIgniter\Exceptions\FrameworkException::forInvalidFile('Auth/Login.php')
 2 SYSTEMPATH\Common.php(1173): CodeIgniter\View\View->render('Auth/Login', [], true)
 3 APPPATH\Controllers\LoginController.php(13): view('Auth/Login')
 4 SYSTEMPATH\CodeIgniter.php(933): App\Controllers\LoginController->index()
 5 SYSTEMPATH\CodeIgniter.php(507): CodeIgniter\CodeIgniter->runController(Object(App\Controllers\LoginController))
 6 SYSTEMPATH\CodeIgniter.php(354): CodeIgniter\CodeIgniter->handleRequest(null, Object(Config\Cache), false)
 7 SYSTEMPATH\Boot.php(334): CodeIgniter\CodeIgniter->run()
 8 SYSTEMPATH\Boot.php(67): CodeIgniter\Boot::runCodeIgniter(Object(CodeIgniter\CodeIgniter))
 9 FCPATH\index.php(56): CodeIgniter\Boot::bootWeb(Object(Config\Paths))
CRITICAL - 2025-05-16 20:24:47 --> CodeIgniter\View\Exceptions\ViewException: Invalid file: "Auth/Login.php"
[Method: GET, Route: Login]
in SYSTEMPATH\Exceptions\FrameworkException.php on line 39.
 1 SYSTEMPATH\View\View.php(212): CodeIgniter\Exceptions\FrameworkException::forInvalidFile('Auth/Login.php')
 2 SYSTEMPATH\Common.php(1173): CodeIgniter\View\View->render('Auth/Login', [], true)
 3 APPPATH\Controllers\LoginController.php(13): view('Auth/Login')
 4 SYSTEMPATH\CodeIgniter.php(933): App\Controllers\LoginController->index()
 5 SYSTEMPATH\CodeIgniter.php(507): CodeIgniter\CodeIgniter->runController(Object(App\Controllers\LoginController))
 6 SYSTEMPATH\CodeIgniter.php(354): CodeIgniter\CodeIgniter->handleRequest(null, Object(Config\Cache), false)
 7 SYSTEMPATH\Boot.php(334): CodeIgniter\CodeIgniter->run()
 8 SYSTEMPATH\Boot.php(67): CodeIgniter\Boot::runCodeIgniter(Object(CodeIgniter\CodeIgniter))
 9 FCPATH\index.php(56): CodeIgniter\Boot::bootWeb(Object(Config\Paths))
CRITICAL - 2025-05-16 20:24:55 --> CodeIgniter\View\Exceptions\ViewException: Invalid file: "errors/custom_404.php"
[Method: GET, Route: login]
in SYSTEMPATH\Exceptions\FrameworkException.php on line 39.
 1 SYSTEMPATH\View\View.php(212): CodeIgniter\Exceptions\FrameworkException::forInvalidFile('errors/custom_404.php')
 2 SYSTEMPATH\Common.php(1173): CodeIgniter\View\View->render('errors/custom_404', [], true)
 3 APPPATH\Config\Routes.php(38): view('errors/custom_404')
 4 SYSTEMPATH\CodeIgniter.php(955): CodeIgniter\Router\RouteCollection->{closure}('Can\'t find a route for \'GET: login\'.')
 5 SYSTEMPATH\CodeIgniter.php(360): CodeIgniter\CodeIgniter->display404errors(Object(CodeIgniter\Exceptions\PageNotFoundException))
 6 SYSTEMPATH\Boot.php(334): CodeIgniter\CodeIgniter->run()
 7 SYSTEMPATH\Boot.php(67): CodeIgniter\Boot::runCodeIgniter(Object(CodeIgniter\CodeIgniter))
 8 FCPATH\index.php(56): CodeIgniter\Boot::bootWeb(Object(Config\Paths))
CRITICAL - 2025-05-16 20:24:58 --> CodeIgniter\View\Exceptions\ViewException: Invalid file: "Auth/Login.php"
[Method: GET, Route: Login]
in SYSTEMPATH\Exceptions\FrameworkException.php on line 39.
 1 SYSTEMPATH\View\View.php(212): CodeIgniter\Exceptions\FrameworkException::forInvalidFile('Auth/Login.php')
 2 SYSTEMPATH\Common.php(1173): CodeIgniter\View\View->render('Auth/Login', [], true)
 3 APPPATH\Controllers\LoginController.php(13): view('Auth/Login')
 4 SYSTEMPATH\CodeIgniter.php(933): App\Controllers\LoginController->index()
 5 SYSTEMPATH\CodeIgniter.php(507): CodeIgniter\CodeIgniter->runController(Object(App\Controllers\LoginController))
 6 SYSTEMPATH\CodeIgniter.php(354): CodeIgniter\CodeIgniter->handleRequest(null, Object(Config\Cache), false)
 7 SYSTEMPATH\Boot.php(334): CodeIgniter\CodeIgniter->run()
 8 SYSTEMPATH\Boot.php(67): CodeIgniter\Boot::runCodeIgniter(Object(CodeIgniter\CodeIgniter))
 9 FCPATH\index.php(56): CodeIgniter\Boot::bootWeb(Object(Config\Paths))
