DEBUG - 2025-06-19 00:07:36 --> Session: Class initialized using 'CodeIgniter\Session\Handlers\FileHandler' driver.
DEBUG - 2025-06-19 00:07:38 --> Session: Class initialized using 'CodeIgniter\Session\Handlers\FileHandler' driver.
DEBUG - 2025-06-19 00:07:40 --> Session: Class initialized using 'CodeIgniter\Session\Handlers\FileHandler' driver.
ERROR - 2025-06-19 00:07:40 --> mysqli_sql_exception: Table 'lairpur_data_base.detalle_factura' doesn't exist in C:\xampp\htdocs\L-Air-Pur-Ecommerce\system\Database\MySQLi\Connection.php:327
Stack trace:
#0 C:\xampp\htdocs\L-Air-Pur-Ecommerce\system\Database\MySQLi\Connection.php(327): mysqli->query('INSERT INTO `de...', 0)
#1 C:\xampp\htdocs\L-Air-Pur-Ecommerce\system\Database\BaseConnection.php(738): CodeIgniter\Database\MySQLi\Connection->execute('INSERT INTO `de...')
#2 C:\xampp\htdocs\L-Air-Pur-Ecommerce\system\Database\BaseConnection.php(652): CodeIgniter\Database\BaseConnection->simpleQuery('INSERT INTO `de...')
#3 C:\xampp\htdocs\L-Air-Pur-Ecommerce\system\Database\BaseBuilder.php(2345): CodeIgniter\Database\BaseConnection->query('INSERT INTO `de...', Array, false)
#4 C:\xampp\htdocs\L-Air-Pur-Ecommerce\system\Model.php(394): CodeIgniter\Database\BaseBuilder->insert()
#5 C:\xampp\htdocs\L-Air-Pur-Ecommerce\system\BaseModel.php(839): CodeIgniter\Model->doInsert(Array)
#6 C:\xampp\htdocs\L-Air-Pur-Ecommerce\system\Model.php(800): CodeIgniter\BaseModel->insert(Array, true)
#7 C:\xampp\htdocs\L-Air-Pur-Ecommerce\app\Controllers\CarritoController.php(353): CodeIgniter\Model->insert(Array)
#8 C:\xampp\htdocs\L-Air-Pur-Ecommerce\app\Controllers\CarritoController.php(289): App\Controllers\CarritoController->procesarDetalleYActualizarStock(Array, 9)
#9 C:\xampp\htdocs\L-Air-Pur-Ecommerce\system\CodeIgniter.php(933): App\Controllers\CarritoController->comprar()
#10 C:\xampp\htdocs\L-Air-Pur-Ecommerce\system\CodeIgniter.php(507): CodeIgniter\CodeIgniter->runController(Object(App\Controllers\CarritoController))
#11 C:\xampp\htdocs\L-Air-Pur-Ecommerce\system\CodeIgniter.php(354): CodeIgniter\CodeIgniter->handleRequest(NULL, Object(Config\Cache), false)
#12 C:\xampp\htdocs\L-Air-Pur-Ecommerce\system\Boot.php(334): CodeIgniter\CodeIgniter->run()
#13 C:\xampp\htdocs\L-Air-Pur-Ecommerce\system\Boot.php(67): CodeIgniter\Boot::runCodeIgniter(Object(CodeIgniter\CodeIgniter))
#14 C:\xampp\htdocs\L-Air-Pur-Ecommerce\index.php(56): CodeIgniter\Boot::bootWeb(Object(Config\Paths))
#15 {main}
ERROR - 2025-06-19 00:07:40 --> mysqli_sql_exception: Table 'lairpur_data_base.detalle_factura' doesn't exist in C:\xampp\htdocs\L-Air-Pur-Ecommerce\system\Database\MySQLi\Connection.php:327
Stack trace:
#0 C:\xampp\htdocs\L-Air-Pur-Ecommerce\system\Database\MySQLi\Connection.php(327): mysqli->query('INSERT INTO `de...', 0)
#1 C:\xampp\htdocs\L-Air-Pur-Ecommerce\system\Database\BaseConnection.php(738): CodeIgniter\Database\MySQLi\Connection->execute('INSERT INTO `de...')
#2 C:\xampp\htdocs\L-Air-Pur-Ecommerce\system\Database\BaseConnection.php(652): CodeIgniter\Database\BaseConnection->simpleQuery('INSERT INTO `de...')
#3 C:\xampp\htdocs\L-Air-Pur-Ecommerce\system\Database\BaseBuilder.php(2345): CodeIgniter\Database\BaseConnection->query('INSERT INTO `de...', Array, false)
#4 C:\xampp\htdocs\L-Air-Pur-Ecommerce\system\Model.php(394): CodeIgniter\Database\BaseBuilder->insert()
#5 C:\xampp\htdocs\L-Air-Pur-Ecommerce\system\BaseModel.php(839): CodeIgniter\Model->doInsert(Array)
#6 C:\xampp\htdocs\L-Air-Pur-Ecommerce\system\Model.php(800): CodeIgniter\BaseModel->insert(Array, true)
#7 C:\xampp\htdocs\L-Air-Pur-Ecommerce\app\Controllers\CarritoController.php(353): CodeIgniter\Model->insert(Array)
#8 C:\xampp\htdocs\L-Air-Pur-Ecommerce\app\Controllers\CarritoController.php(289): App\Controllers\CarritoController->procesarDetalleYActualizarStock(Array, 9)
#9 C:\xampp\htdocs\L-Air-Pur-Ecommerce\system\CodeIgniter.php(933): App\Controllers\CarritoController->comprar()
#10 C:\xampp\htdocs\L-Air-Pur-Ecommerce\system\CodeIgniter.php(507): CodeIgniter\CodeIgniter->runController(Object(App\Controllers\CarritoController))
#11 C:\xampp\htdocs\L-Air-Pur-Ecommerce\system\CodeIgniter.php(354): CodeIgniter\CodeIgniter->handleRequest(NULL, Object(Config\Cache), false)
#12 C:\xampp\htdocs\L-Air-Pur-Ecommerce\system\Boot.php(334): CodeIgniter\CodeIgniter->run()
#13 C:\xampp\htdocs\L-Air-Pur-Ecommerce\system\Boot.php(67): CodeIgniter\Boot::runCodeIgniter(Object(CodeIgniter\CodeIgniter))
#14 C:\xampp\htdocs\L-Air-Pur-Ecommerce\index.php(56): CodeIgniter\Boot::bootWeb(Object(Config\Paths))
#15 {main}
ERROR - 2025-06-19 00:07:40 --> Fallo la transacción: Array
(
    [code] => 0
    [message] => 
)

DEBUG - 2025-06-19 00:07:41 --> Session: Class initialized using 'CodeIgniter\Session\Handlers\FileHandler' driver.
DEBUG - 2025-06-19 00:07:49 --> Session: Class initialized using 'CodeIgniter\Session\Handlers\FileHandler' driver.
DEBUG - 2025-06-19 00:07:51 --> Session: Class initialized using 'CodeIgniter\Session\Handlers\FileHandler' driver.
DEBUG - 2025-06-19 00:07:53 --> Session: Class initialized using 'CodeIgniter\Session\Handlers\FileHandler' driver.
DEBUG - 2025-06-19 00:08:00 --> Session: Class initialized using 'CodeIgniter\Session\Handlers\FileHandler' driver.
DEBUG - 2025-06-19 00:08:06 --> Session: Class initialized using 'CodeIgniter\Session\Handlers\FileHandler' driver.
ERROR - 2025-06-19 00:08:06 --> mysqli_sql_exception: Table 'lairpur_data_base.detalle_factura' doesn't exist in C:\xampp\htdocs\L-Air-Pur-Ecommerce\system\Database\MySQLi\Connection.php:327
Stack trace:
#0 C:\xampp\htdocs\L-Air-Pur-Ecommerce\system\Database\MySQLi\Connection.php(327): mysqli->query('INSERT INTO `de...', 0)
#1 C:\xampp\htdocs\L-Air-Pur-Ecommerce\system\Database\BaseConnection.php(738): CodeIgniter\Database\MySQLi\Connection->execute('INSERT INTO `de...')
#2 C:\xampp\htdocs\L-Air-Pur-Ecommerce\system\Database\BaseConnection.php(652): CodeIgniter\Database\BaseConnection->simpleQuery('INSERT INTO `de...')
#3 C:\xampp\htdocs\L-Air-Pur-Ecommerce\system\Database\BaseBuilder.php(2345): CodeIgniter\Database\BaseConnection->query('INSERT INTO `de...', Array, false)
#4 C:\xampp\htdocs\L-Air-Pur-Ecommerce\system\Model.php(394): CodeIgniter\Database\BaseBuilder->insert()
#5 C:\xampp\htdocs\L-Air-Pur-Ecommerce\system\BaseModel.php(839): CodeIgniter\Model->doInsert(Array)
#6 C:\xampp\htdocs\L-Air-Pur-Ecommerce\system\Model.php(800): CodeIgniter\BaseModel->insert(Array, true)
#7 C:\xampp\htdocs\L-Air-Pur-Ecommerce\app\Controllers\CarritoController.php(353): CodeIgniter\Model->insert(Array)
#8 C:\xampp\htdocs\L-Air-Pur-Ecommerce\app\Controllers\CarritoController.php(289): App\Controllers\CarritoController->procesarDetalleYActualizarStock(Array, 10)
#9 C:\xampp\htdocs\L-Air-Pur-Ecommerce\system\CodeIgniter.php(933): App\Controllers\CarritoController->comprar()
#10 C:\xampp\htdocs\L-Air-Pur-Ecommerce\system\CodeIgniter.php(507): CodeIgniter\CodeIgniter->runController(Object(App\Controllers\CarritoController))
#11 C:\xampp\htdocs\L-Air-Pur-Ecommerce\system\CodeIgniter.php(354): CodeIgniter\CodeIgniter->handleRequest(NULL, Object(Config\Cache), false)
#12 C:\xampp\htdocs\L-Air-Pur-Ecommerce\system\Boot.php(334): CodeIgniter\CodeIgniter->run()
#13 C:\xampp\htdocs\L-Air-Pur-Ecommerce\system\Boot.php(67): CodeIgniter\Boot::runCodeIgniter(Object(CodeIgniter\CodeIgniter))
#14 C:\xampp\htdocs\L-Air-Pur-Ecommerce\index.php(56): CodeIgniter\Boot::bootWeb(Object(Config\Paths))
#15 {main}
ERROR - 2025-06-19 00:08:06 --> mysqli_sql_exception: Table 'lairpur_data_base.detalle_factura' doesn't exist in C:\xampp\htdocs\L-Air-Pur-Ecommerce\system\Database\MySQLi\Connection.php:327
Stack trace:
#0 C:\xampp\htdocs\L-Air-Pur-Ecommerce\system\Database\MySQLi\Connection.php(327): mysqli->query('INSERT INTO `de...', 0)
#1 C:\xampp\htdocs\L-Air-Pur-Ecommerce\system\Database\BaseConnection.php(738): CodeIgniter\Database\MySQLi\Connection->execute('INSERT INTO `de...')
#2 C:\xampp\htdocs\L-Air-Pur-Ecommerce\system\Database\BaseConnection.php(652): CodeIgniter\Database\BaseConnection->simpleQuery('INSERT INTO `de...')
#3 C:\xampp\htdocs\L-Air-Pur-Ecommerce\system\Database\BaseBuilder.php(2345): CodeIgniter\Database\BaseConnection->query('INSERT INTO `de...', Array, false)
#4 C:\xampp\htdocs\L-Air-Pur-Ecommerce\system\Model.php(394): CodeIgniter\Database\BaseBuilder->insert()
#5 C:\xampp\htdocs\L-Air-Pur-Ecommerce\system\BaseModel.php(839): CodeIgniter\Model->doInsert(Array)
#6 C:\xampp\htdocs\L-Air-Pur-Ecommerce\system\Model.php(800): CodeIgniter\BaseModel->insert(Array, true)
#7 C:\xampp\htdocs\L-Air-Pur-Ecommerce\app\Controllers\CarritoController.php(353): CodeIgniter\Model->insert(Array)
#8 C:\xampp\htdocs\L-Air-Pur-Ecommerce\app\Controllers\CarritoController.php(289): App\Controllers\CarritoController->procesarDetalleYActualizarStock(Array, 10)
#9 C:\xampp\htdocs\L-Air-Pur-Ecommerce\system\CodeIgniter.php(933): App\Controllers\CarritoController->comprar()
#10 C:\xampp\htdocs\L-Air-Pur-Ecommerce\system\CodeIgniter.php(507): CodeIgniter\CodeIgniter->runController(Object(App\Controllers\CarritoController))
#11 C:\xampp\htdocs\L-Air-Pur-Ecommerce\system\CodeIgniter.php(354): CodeIgniter\CodeIgniter->handleRequest(NULL, Object(Config\Cache), false)
#12 C:\xampp\htdocs\L-Air-Pur-Ecommerce\system\Boot.php(334): CodeIgniter\CodeIgniter->run()
#13 C:\xampp\htdocs\L-Air-Pur-Ecommerce\system\Boot.php(67): CodeIgniter\Boot::runCodeIgniter(Object(CodeIgniter\CodeIgniter))
#14 C:\xampp\htdocs\L-Air-Pur-Ecommerce\index.php(56): CodeIgniter\Boot::bootWeb(Object(Config\Paths))
#15 {main}
ERROR - 2025-06-19 00:08:06 --> Fallo la transacción: Array
(
    [code] => 0
    [message] => 
)

DEBUG - 2025-06-19 00:08:06 --> Session: Class initialized using 'CodeIgniter\Session\Handlers\FileHandler' driver.
DEBUG - 2025-06-19 00:08:10 --> Session: Class initialized using 'CodeIgniter\Session\Handlers\FileHandler' driver.
DEBUG - 2025-06-19 00:08:14 --> Session: Class initialized using 'CodeIgniter\Session\Handlers\FileHandler' driver.
DEBUG - 2025-06-19 00:08:16 --> Session: Class initialized using 'CodeIgniter\Session\Handlers\FileHandler' driver.
DEBUG - 2025-06-19 00:08:20 --> Session: Class initialized using 'CodeIgniter\Session\Handlers\FileHandler' driver.
DEBUG - 2025-06-19 00:13:04 --> Session: Class initialized using 'CodeIgniter\Session\Handlers\FileHandler' driver.
DEBUG - 2025-06-19 00:13:07 --> Session: Class initialized using 'CodeIgniter\Session\Handlers\FileHandler' driver.
ERROR - 2025-06-19 00:13:07 --> mysqli_sql_exception: Table 'lairpur_data_base.detalle_factura' doesn't exist in C:\xampp\htdocs\L-Air-Pur-Ecommerce\system\Database\MySQLi\Connection.php:327
Stack trace:
#0 C:\xampp\htdocs\L-Air-Pur-Ecommerce\system\Database\MySQLi\Connection.php(327): mysqli->query('INSERT INTO `de...', 0)
#1 C:\xampp\htdocs\L-Air-Pur-Ecommerce\system\Database\BaseConnection.php(738): CodeIgniter\Database\MySQLi\Connection->execute('INSERT INTO `de...')
#2 C:\xampp\htdocs\L-Air-Pur-Ecommerce\system\Database\BaseConnection.php(652): CodeIgniter\Database\BaseConnection->simpleQuery('INSERT INTO `de...')
#3 C:\xampp\htdocs\L-Air-Pur-Ecommerce\system\Database\BaseBuilder.php(2345): CodeIgniter\Database\BaseConnection->query('INSERT INTO `de...', Array, false)
#4 C:\xampp\htdocs\L-Air-Pur-Ecommerce\system\Model.php(394): CodeIgniter\Database\BaseBuilder->insert()
#5 C:\xampp\htdocs\L-Air-Pur-Ecommerce\system\BaseModel.php(839): CodeIgniter\Model->doInsert(Array)
#6 C:\xampp\htdocs\L-Air-Pur-Ecommerce\system\Model.php(800): CodeIgniter\BaseModel->insert(Array, true)
#7 C:\xampp\htdocs\L-Air-Pur-Ecommerce\app\Controllers\CarritoController.php(358): CodeIgniter\Model->insert(Array)
#8 C:\xampp\htdocs\L-Air-Pur-Ecommerce\app\Controllers\CarritoController.php(292): App\Controllers\CarritoController->procesarDetalleYActualizarStock(Array, 11)
#9 C:\xampp\htdocs\L-Air-Pur-Ecommerce\system\CodeIgniter.php(933): App\Controllers\CarritoController->comprar()
#10 C:\xampp\htdocs\L-Air-Pur-Ecommerce\system\CodeIgniter.php(507): CodeIgniter\CodeIgniter->runController(Object(App\Controllers\CarritoController))
#11 C:\xampp\htdocs\L-Air-Pur-Ecommerce\system\CodeIgniter.php(354): CodeIgniter\CodeIgniter->handleRequest(NULL, Object(Config\Cache), false)
#12 C:\xampp\htdocs\L-Air-Pur-Ecommerce\system\Boot.php(334): CodeIgniter\CodeIgniter->run()
#13 C:\xampp\htdocs\L-Air-Pur-Ecommerce\system\Boot.php(67): CodeIgniter\Boot::runCodeIgniter(Object(CodeIgniter\CodeIgniter))
#14 C:\xampp\htdocs\L-Air-Pur-Ecommerce\index.php(56): CodeIgniter\Boot::bootWeb(Object(Config\Paths))
#15 {main}
ERROR - 2025-06-19 00:13:07 --> mysqli_sql_exception: Table 'lairpur_data_base.detalle_factura' doesn't exist in C:\xampp\htdocs\L-Air-Pur-Ecommerce\system\Database\MySQLi\Connection.php:327
Stack trace:
#0 C:\xampp\htdocs\L-Air-Pur-Ecommerce\system\Database\MySQLi\Connection.php(327): mysqli->query('INSERT INTO `de...', 0)
#1 C:\xampp\htdocs\L-Air-Pur-Ecommerce\system\Database\BaseConnection.php(738): CodeIgniter\Database\MySQLi\Connection->execute('INSERT INTO `de...')
#2 C:\xampp\htdocs\L-Air-Pur-Ecommerce\system\Database\BaseConnection.php(652): CodeIgniter\Database\BaseConnection->simpleQuery('INSERT INTO `de...')
#3 C:\xampp\htdocs\L-Air-Pur-Ecommerce\system\Database\BaseBuilder.php(2345): CodeIgniter\Database\BaseConnection->query('INSERT INTO `de...', Array, false)
#4 C:\xampp\htdocs\L-Air-Pur-Ecommerce\system\Model.php(394): CodeIgniter\Database\BaseBuilder->insert()
#5 C:\xampp\htdocs\L-Air-Pur-Ecommerce\system\BaseModel.php(839): CodeIgniter\Model->doInsert(Array)
#6 C:\xampp\htdocs\L-Air-Pur-Ecommerce\system\Model.php(800): CodeIgniter\BaseModel->insert(Array, true)
#7 C:\xampp\htdocs\L-Air-Pur-Ecommerce\app\Controllers\CarritoController.php(358): CodeIgniter\Model->insert(Array)
#8 C:\xampp\htdocs\L-Air-Pur-Ecommerce\app\Controllers\CarritoController.php(292): App\Controllers\CarritoController->procesarDetalleYActualizarStock(Array, 11)
#9 C:\xampp\htdocs\L-Air-Pur-Ecommerce\system\CodeIgniter.php(933): App\Controllers\CarritoController->comprar()
#10 C:\xampp\htdocs\L-Air-Pur-Ecommerce\system\CodeIgniter.php(507): CodeIgniter\CodeIgniter->runController(Object(App\Controllers\CarritoController))
#11 C:\xampp\htdocs\L-Air-Pur-Ecommerce\system\CodeIgniter.php(354): CodeIgniter\CodeIgniter->handleRequest(NULL, Object(Config\Cache), false)
#12 C:\xampp\htdocs\L-Air-Pur-Ecommerce\system\Boot.php(334): CodeIgniter\CodeIgniter->run()
#13 C:\xampp\htdocs\L-Air-Pur-Ecommerce\system\Boot.php(67): CodeIgniter\Boot::runCodeIgniter(Object(CodeIgniter\CodeIgniter))
#14 C:\xampp\htdocs\L-Air-Pur-Ecommerce\index.php(56): CodeIgniter\Boot::bootWeb(Object(Config\Paths))
#15 {main}
ERROR - 2025-06-19 00:13:07 --> Fallo la transacción al guardar la factura y sus detalles.
ERROR - 2025-06-19 00:13:07 --> Excepción al comprar: Error en la transacción.
DEBUG - 2025-06-19 00:13:07 --> Session: Class initialized using 'CodeIgniter\Session\Handlers\FileHandler' driver.
DEBUG - 2025-06-19 00:13:41 --> Session: Class initialized using 'CodeIgniter\Session\Handlers\FileHandler' driver.
DEBUG - 2025-06-19 00:13:44 --> Session: Class initialized using 'CodeIgniter\Session\Handlers\FileHandler' driver.
ERROR - 2025-06-19 00:13:44 --> mysqli_sql_exception: Table 'lairpur_data_base.detalle_factura' doesn't exist in C:\xampp\htdocs\L-Air-Pur-Ecommerce\system\Database\MySQLi\Connection.php:327
Stack trace:
#0 C:\xampp\htdocs\L-Air-Pur-Ecommerce\system\Database\MySQLi\Connection.php(327): mysqli->query('INSERT INTO `de...', 0)
#1 C:\xampp\htdocs\L-Air-Pur-Ecommerce\system\Database\BaseConnection.php(738): CodeIgniter\Database\MySQLi\Connection->execute('INSERT INTO `de...')
#2 C:\xampp\htdocs\L-Air-Pur-Ecommerce\system\Database\BaseConnection.php(652): CodeIgniter\Database\BaseConnection->simpleQuery('INSERT INTO `de...')
#3 C:\xampp\htdocs\L-Air-Pur-Ecommerce\system\Database\BaseBuilder.php(2345): CodeIgniter\Database\BaseConnection->query('INSERT INTO `de...', Array, false)
#4 C:\xampp\htdocs\L-Air-Pur-Ecommerce\system\Model.php(394): CodeIgniter\Database\BaseBuilder->insert()
#5 C:\xampp\htdocs\L-Air-Pur-Ecommerce\system\BaseModel.php(839): CodeIgniter\Model->doInsert(Array)
#6 C:\xampp\htdocs\L-Air-Pur-Ecommerce\system\Model.php(800): CodeIgniter\BaseModel->insert(Array, true)
#7 C:\xampp\htdocs\L-Air-Pur-Ecommerce\app\Controllers\CarritoController.php(358): CodeIgniter\Model->insert(Array)
#8 C:\xampp\htdocs\L-Air-Pur-Ecommerce\app\Controllers\CarritoController.php(292): App\Controllers\CarritoController->procesarDetalleYActualizarStock(Array, 12)
#9 C:\xampp\htdocs\L-Air-Pur-Ecommerce\system\CodeIgniter.php(933): App\Controllers\CarritoController->comprar()
#10 C:\xampp\htdocs\L-Air-Pur-Ecommerce\system\CodeIgniter.php(507): CodeIgniter\CodeIgniter->runController(Object(App\Controllers\CarritoController))
#11 C:\xampp\htdocs\L-Air-Pur-Ecommerce\system\CodeIgniter.php(354): CodeIgniter\CodeIgniter->handleRequest(NULL, Object(Config\Cache), false)
#12 C:\xampp\htdocs\L-Air-Pur-Ecommerce\system\Boot.php(334): CodeIgniter\CodeIgniter->run()
#13 C:\xampp\htdocs\L-Air-Pur-Ecommerce\system\Boot.php(67): CodeIgniter\Boot::runCodeIgniter(Object(CodeIgniter\CodeIgniter))
#14 C:\xampp\htdocs\L-Air-Pur-Ecommerce\index.php(56): CodeIgniter\Boot::bootWeb(Object(Config\Paths))
#15 {main}
ERROR - 2025-06-19 00:13:44 --> mysqli_sql_exception: Table 'lairpur_data_base.detalle_factura' doesn't exist in C:\xampp\htdocs\L-Air-Pur-Ecommerce\system\Database\MySQLi\Connection.php:327
Stack trace:
#0 C:\xampp\htdocs\L-Air-Pur-Ecommerce\system\Database\MySQLi\Connection.php(327): mysqli->query('INSERT INTO `de...', 0)
#1 C:\xampp\htdocs\L-Air-Pur-Ecommerce\system\Database\BaseConnection.php(738): CodeIgniter\Database\MySQLi\Connection->execute('INSERT INTO `de...')
#2 C:\xampp\htdocs\L-Air-Pur-Ecommerce\system\Database\BaseConnection.php(652): CodeIgniter\Database\BaseConnection->simpleQuery('INSERT INTO `de...')
#3 C:\xampp\htdocs\L-Air-Pur-Ecommerce\system\Database\BaseBuilder.php(2345): CodeIgniter\Database\BaseConnection->query('INSERT INTO `de...', Array, false)
#4 C:\xampp\htdocs\L-Air-Pur-Ecommerce\system\Model.php(394): CodeIgniter\Database\BaseBuilder->insert()
#5 C:\xampp\htdocs\L-Air-Pur-Ecommerce\system\BaseModel.php(839): CodeIgniter\Model->doInsert(Array)
#6 C:\xampp\htdocs\L-Air-Pur-Ecommerce\system\Model.php(800): CodeIgniter\BaseModel->insert(Array, true)
#7 C:\xampp\htdocs\L-Air-Pur-Ecommerce\app\Controllers\CarritoController.php(358): CodeIgniter\Model->insert(Array)
#8 C:\xampp\htdocs\L-Air-Pur-Ecommerce\app\Controllers\CarritoController.php(292): App\Controllers\CarritoController->procesarDetalleYActualizarStock(Array, 12)
#9 C:\xampp\htdocs\L-Air-Pur-Ecommerce\system\CodeIgniter.php(933): App\Controllers\CarritoController->comprar()
#10 C:\xampp\htdocs\L-Air-Pur-Ecommerce\system\CodeIgniter.php(507): CodeIgniter\CodeIgniter->runController(Object(App\Controllers\CarritoController))
#11 C:\xampp\htdocs\L-Air-Pur-Ecommerce\system\CodeIgniter.php(354): CodeIgniter\CodeIgniter->handleRequest(NULL, Object(Config\Cache), false)
#12 C:\xampp\htdocs\L-Air-Pur-Ecommerce\system\Boot.php(334): CodeIgniter\CodeIgniter->run()
#13 C:\xampp\htdocs\L-Air-Pur-Ecommerce\system\Boot.php(67): CodeIgniter\Boot::runCodeIgniter(Object(CodeIgniter\CodeIgniter))
#14 C:\xampp\htdocs\L-Air-Pur-Ecommerce\index.php(56): CodeIgniter\Boot::bootWeb(Object(Config\Paths))
#15 {main}
ERROR - 2025-06-19 00:13:44 --> Fallo la transacción al guardar la factura y sus detalles.
ERROR - 2025-06-19 00:13:44 --> Excepción al comprar: Error en la transacción.
DEBUG - 2025-06-19 00:13:45 --> Session: Class initialized using 'CodeIgniter\Session\Handlers\FileHandler' driver.
DEBUG - 2025-06-19 00:16:23 --> Session: Class initialized using 'CodeIgniter\Session\Handlers\FileHandler' driver.
DEBUG - 2025-06-19 00:16:26 --> Session: Class initialized using 'CodeIgniter\Session\Handlers\FileHandler' driver.
ERROR - 2025-06-19 00:16:26 --> mysqli_sql_exception: Table 'lairpur_data_base.detalle_factura' doesn't exist in C:\xampp\htdocs\L-Air-Pur-Ecommerce\system\Database\MySQLi\Connection.php:327
Stack trace:
#0 C:\xampp\htdocs\L-Air-Pur-Ecommerce\system\Database\MySQLi\Connection.php(327): mysqli->query('INSERT INTO `de...', 0)
#1 C:\xampp\htdocs\L-Air-Pur-Ecommerce\system\Database\BaseConnection.php(738): CodeIgniter\Database\MySQLi\Connection->execute('INSERT INTO `de...')
#2 C:\xampp\htdocs\L-Air-Pur-Ecommerce\system\Database\BaseConnection.php(652): CodeIgniter\Database\BaseConnection->simpleQuery('INSERT INTO `de...')
#3 C:\xampp\htdocs\L-Air-Pur-Ecommerce\system\Database\BaseBuilder.php(2345): CodeIgniter\Database\BaseConnection->query('INSERT INTO `de...', Array, false)
#4 C:\xampp\htdocs\L-Air-Pur-Ecommerce\system\Model.php(394): CodeIgniter\Database\BaseBuilder->insert()
#5 C:\xampp\htdocs\L-Air-Pur-Ecommerce\system\BaseModel.php(839): CodeIgniter\Model->doInsert(Array)
#6 C:\xampp\htdocs\L-Air-Pur-Ecommerce\system\Model.php(800): CodeIgniter\BaseModel->insert(Array, true)
#7 C:\xampp\htdocs\L-Air-Pur-Ecommerce\app\Controllers\CarritoController.php(359): CodeIgniter\Model->insert(Array)
#8 C:\xampp\htdocs\L-Air-Pur-Ecommerce\app\Controllers\CarritoController.php(292): App\Controllers\CarritoController->procesarDetalleYActualizarStock(Array, 13)
#9 C:\xampp\htdocs\L-Air-Pur-Ecommerce\system\CodeIgniter.php(933): App\Controllers\CarritoController->comprar()
#10 C:\xampp\htdocs\L-Air-Pur-Ecommerce\system\CodeIgniter.php(507): CodeIgniter\CodeIgniter->runController(Object(App\Controllers\CarritoController))
#11 C:\xampp\htdocs\L-Air-Pur-Ecommerce\system\CodeIgniter.php(354): CodeIgniter\CodeIgniter->handleRequest(NULL, Object(Config\Cache), false)
#12 C:\xampp\htdocs\L-Air-Pur-Ecommerce\system\Boot.php(334): CodeIgniter\CodeIgniter->run()
#13 C:\xampp\htdocs\L-Air-Pur-Ecommerce\system\Boot.php(67): CodeIgniter\Boot::runCodeIgniter(Object(CodeIgniter\CodeIgniter))
#14 C:\xampp\htdocs\L-Air-Pur-Ecommerce\index.php(56): CodeIgniter\Boot::bootWeb(Object(Config\Paths))
#15 {main}
ERROR - 2025-06-19 00:16:26 --> Error insertando detalle_factura: {"CodeIgniter\\Database\\MySQLi\\Connection":"Table 'lairpur_data_base.detalle_factura' doesn't exist"}
ERROR - 2025-06-19 00:16:26 --> Excepción al comprar: No se pudo guardar el detalle de la factura.
DEBUG - 2025-06-19 00:16:26 --> Session: Class initialized using 'CodeIgniter\Session\Handlers\FileHandler' driver.
DEBUG - 2025-06-19 00:21:43 --> Session: Class initialized using 'CodeIgniter\Session\Handlers\FileHandler' driver.
DEBUG - 2025-06-19 00:21:45 --> Session: Class initialized using 'CodeIgniter\Session\Handlers\FileHandler' driver.
ERROR - 2025-06-19 00:21:46 --> mysqli_sql_exception: Table 'lairpur_data_base.detalle_factura' doesn't exist in C:\xampp\htdocs\L-Air-Pur-Ecommerce\system\Database\MySQLi\Connection.php:327
Stack trace:
#0 C:\xampp\htdocs\L-Air-Pur-Ecommerce\system\Database\MySQLi\Connection.php(327): mysqli->query('INSERT INTO `de...', 0)
#1 C:\xampp\htdocs\L-Air-Pur-Ecommerce\system\Database\BaseConnection.php(738): CodeIgniter\Database\MySQLi\Connection->execute('INSERT INTO `de...')
#2 C:\xampp\htdocs\L-Air-Pur-Ecommerce\system\Database\BaseConnection.php(652): CodeIgniter\Database\BaseConnection->simpleQuery('INSERT INTO `de...')
#3 C:\xampp\htdocs\L-Air-Pur-Ecommerce\system\Database\BaseBuilder.php(2345): CodeIgniter\Database\BaseConnection->query('INSERT INTO `de...', Array, false)
#4 C:\xampp\htdocs\L-Air-Pur-Ecommerce\system\Model.php(394): CodeIgniter\Database\BaseBuilder->insert()
#5 C:\xampp\htdocs\L-Air-Pur-Ecommerce\system\BaseModel.php(839): CodeIgniter\Model->doInsert(Array)
#6 C:\xampp\htdocs\L-Air-Pur-Ecommerce\system\Model.php(800): CodeIgniter\BaseModel->insert(Array, true)
#7 C:\xampp\htdocs\L-Air-Pur-Ecommerce\app\Controllers\CarritoController.php(359): CodeIgniter\Model->insert(Array)
#8 C:\xampp\htdocs\L-Air-Pur-Ecommerce\app\Controllers\CarritoController.php(292): App\Controllers\CarritoController->procesarDetalleYActualizarStock(Array, 14)
#9 C:\xampp\htdocs\L-Air-Pur-Ecommerce\system\CodeIgniter.php(933): App\Controllers\CarritoController->comprar()
#10 C:\xampp\htdocs\L-Air-Pur-Ecommerce\system\CodeIgniter.php(507): CodeIgniter\CodeIgniter->runController(Object(App\Controllers\CarritoController))
#11 C:\xampp\htdocs\L-Air-Pur-Ecommerce\system\CodeIgniter.php(354): CodeIgniter\CodeIgniter->handleRequest(NULL, Object(Config\Cache), false)
#12 C:\xampp\htdocs\L-Air-Pur-Ecommerce\system\Boot.php(334): CodeIgniter\CodeIgniter->run()
#13 C:\xampp\htdocs\L-Air-Pur-Ecommerce\system\Boot.php(67): CodeIgniter\Boot::runCodeIgniter(Object(CodeIgniter\CodeIgniter))
#14 C:\xampp\htdocs\L-Air-Pur-Ecommerce\index.php(56): CodeIgniter\Boot::bootWeb(Object(Config\Paths))
#15 {main}
ERROR - 2025-06-19 00:21:46 --> Error insertando detalle_factura: {"CodeIgniter\\Database\\MySQLi\\Connection":"Table 'lairpur_data_base.detalle_factura' doesn't exist"}
ERROR - 2025-06-19 00:21:46 --> Excepción al comprar: No se pudo guardar el detalle de la factura.
DEBUG - 2025-06-19 00:21:46 --> Session: Class initialized using 'CodeIgniter\Session\Handlers\FileHandler' driver.
DEBUG - 2025-06-19 00:27:55 --> Session: Class initialized using 'CodeIgniter\Session\Handlers\FileHandler' driver.
DEBUG - 2025-06-19 00:27:59 --> Session: Class initialized using 'CodeIgniter\Session\Handlers\FileHandler' driver.
DEBUG - 2025-06-19 00:28:01 --> Session: Class initialized using 'CodeIgniter\Session\Handlers\FileHandler' driver.
DEBUG - 2025-06-19 00:34:17 --> Session: Class initialized using 'CodeIgniter\Session\Handlers\FileHandler' driver.
DEBUG - 2025-06-19 00:34:19 --> Session: Class initialized using 'CodeIgniter\Session\Handlers\FileHandler' driver.
CRITICAL - 2025-06-19 00:34:20 --> CodeIgniter\View\Exceptions\ViewException: Invalid file: "errors/custom_404.php"
[Method: GET, Route: Carrito/confirmacion]
in SYSTEMPATH\Exceptions\FrameworkException.php on line 39.
 1 SYSTEMPATH\View\View.php(212): CodeIgniter\Exceptions\FrameworkException::forInvalidFile('errors/custom_404.php')
 2 SYSTEMPATH\Common.php(1173): CodeIgniter\View\View->render('errors/custom_404', [], true)
 3 APPPATH\Config\Routes.php(77): view('errors/custom_404')
 4 SYSTEMPATH\CodeIgniter.php(955): CodeIgniter\Router\RouteCollection->{closure}('Can\'t find a route for \'GET: Carrito/confirmacion\'.')
 5 SYSTEMPATH\CodeIgniter.php(360): CodeIgniter\CodeIgniter->display404errors(Object(CodeIgniter\Exceptions\PageNotFoundException))
 6 SYSTEMPATH\Boot.php(334): CodeIgniter\CodeIgniter->run()
 7 SYSTEMPATH\Boot.php(67): CodeIgniter\Boot::runCodeIgniter(Object(CodeIgniter\CodeIgniter))
 8 FCPATH\index.php(56): CodeIgniter\Boot::bootWeb(Object(Config\Paths))
DEBUG - 2025-06-19 00:36:27 --> Session: Class initialized using 'CodeIgniter\Session\Handlers\FileHandler' driver.
DEBUG - 2025-06-19 00:36:30 --> Session: Class initialized using 'CodeIgniter\Session\Handlers\FileHandler' driver.
DEBUG - 2025-06-19 00:36:34 --> Session: Class initialized using 'CodeIgniter\Session\Handlers\FileHandler' driver.
DEBUG - 2025-06-19 00:36:36 --> Session: Class initialized using 'CodeIgniter\Session\Handlers\FileHandler' driver.
DEBUG - 2025-06-19 00:36:45 --> Session: Class initialized using 'CodeIgniter\Session\Handlers\FileHandler' driver.
DEBUG - 2025-06-19 00:36:48 --> Session: Class initialized using 'CodeIgniter\Session\Handlers\FileHandler' driver.
DEBUG - 2025-06-19 00:36:51 --> Session: Class initialized using 'CodeIgniter\Session\Handlers\FileHandler' driver.
CRITICAL - 2025-06-19 00:36:52 --> CodeIgniter\View\Exceptions\ViewException: Invalid file: "errors/custom_404.php"
[Method: GET, Route: Carrito/confirmacion]
in SYSTEMPATH\Exceptions\FrameworkException.php on line 39.
 1 SYSTEMPATH\View\View.php(212): CodeIgniter\Exceptions\FrameworkException::forInvalidFile('errors/custom_404.php')
 2 SYSTEMPATH\Common.php(1173): CodeIgniter\View\View->render('errors/custom_404', [], true)
 3 APPPATH\Config\Routes.php(77): view('errors/custom_404')
 4 SYSTEMPATH\CodeIgniter.php(955): CodeIgniter\Router\RouteCollection->{closure}('Can\'t find a route for \'GET: Carrito/confirmacion\'.')
 5 SYSTEMPATH\CodeIgniter.php(360): CodeIgniter\CodeIgniter->display404errors(Object(CodeIgniter\Exceptions\PageNotFoundException))
 6 SYSTEMPATH\Boot.php(334): CodeIgniter\CodeIgniter->run()
 7 SYSTEMPATH\Boot.php(67): CodeIgniter\Boot::runCodeIgniter(Object(CodeIgniter\CodeIgniter))
 8 FCPATH\index.php(56): CodeIgniter\Boot::bootWeb(Object(Config\Paths))
DEBUG - 2025-06-19 01:02:53 --> Session: Class initialized using 'CodeIgniter\Session\Handlers\FileHandler' driver.
DEBUG - 2025-06-19 01:03:05 --> Session: Class initialized using 'CodeIgniter\Session\Handlers\FileHandler' driver.
DEBUG - 2025-06-19 01:03:07 --> Session: Class initialized using 'CodeIgniter\Session\Handlers\FileHandler' driver.
DEBUG - 2025-06-19 01:03:10 --> Session: Class initialized using 'CodeIgniter\Session\Handlers\FileHandler' driver.
DEBUG - 2025-06-19 01:03:13 --> Session: Class initialized using 'CodeIgniter\Session\Handlers\FileHandler' driver.
DEBUG - 2025-06-19 01:03:15 --> Session: Class initialized using 'CodeIgniter\Session\Handlers\FileHandler' driver.
DEBUG - 2025-06-19 01:03:18 --> Session: Class initialized using 'CodeIgniter\Session\Handlers\FileHandler' driver.
DEBUG - 2025-06-19 01:03:21 --> Session: Class initialized using 'CodeIgniter\Session\Handlers\FileHandler' driver.
DEBUG - 2025-06-19 01:03:24 --> Session: Class initialized using 'CodeIgniter\Session\Handlers\FileHandler' driver.
DEBUG - 2025-06-19 01:03:26 --> Session: Class initialized using 'CodeIgniter\Session\Handlers\FileHandler' driver.
DEBUG - 2025-06-19 01:03:30 --> Session: Class initialized using 'CodeIgniter\Session\Handlers\FileHandler' driver.
DEBUG - 2025-06-19 01:03:30 --> Session: Class initialized using 'CodeIgniter\Session\Handlers\FileHandler' driver.
DEBUG - 2025-06-19 01:04:51 --> Session: Class initialized using 'CodeIgniter\Session\Handlers\FileHandler' driver.
DEBUG - 2025-06-19 01:04:53 --> Session: Class initialized using 'CodeIgniter\Session\Handlers\FileHandler' driver.
DEBUG - 2025-06-19 01:05:00 --> Session: Class initialized using 'CodeIgniter\Session\Handlers\FileHandler' driver.
DEBUG - 2025-06-19 01:05:37 --> Session: Class initialized using 'CodeIgniter\Session\Handlers\FileHandler' driver.
DEBUG - 2025-06-19 01:06:28 --> Session: Class initialized using 'CodeIgniter\Session\Handlers\FileHandler' driver.
DEBUG - 2025-06-19 01:08:08 --> Session: Class initialized using 'CodeIgniter\Session\Handlers\FileHandler' driver.
DEBUG - 2025-06-19 01:10:10 --> Session: Class initialized using 'CodeIgniter\Session\Handlers\FileHandler' driver.
DEBUG - 2025-06-19 01:15:07 --> Session: Class initialized using 'CodeIgniter\Session\Handlers\FileHandler' driver.
DEBUG - 2025-06-19 01:17:11 --> Session: Class initialized using 'CodeIgniter\Session\Handlers\FileHandler' driver.
DEBUG - 2025-06-19 01:36:18 --> Session: Class initialized using 'CodeIgniter\Session\Handlers\FileHandler' driver.
DEBUG - 2025-06-19 01:43:33 --> Session: Class initialized using 'CodeIgniter\Session\Handlers\FileHandler' driver.
DEBUG - 2025-06-19 01:43:52 --> Session: Class initialized using 'CodeIgniter\Session\Handlers\FileHandler' driver.
DEBUG - 2025-06-19 01:46:06 --> Session: Class initialized using 'CodeIgniter\Session\Handlers\FileHandler' driver.
DEBUG - 2025-06-19 01:47:43 --> Session: Class initialized using 'CodeIgniter\Session\Handlers\FileHandler' driver.
DEBUG - 2025-06-19 01:48:11 --> Session: Class initialized using 'CodeIgniter\Session\Handlers\FileHandler' driver.
DEBUG - 2025-06-19 01:48:19 --> Session: Class initialized using 'CodeIgniter\Session\Handlers\FileHandler' driver.
DEBUG - 2025-06-19 01:48:21 --> Session: Class initialized using 'CodeIgniter\Session\Handlers\FileHandler' driver.
DEBUG - 2025-06-19 01:49:51 --> Session: Class initialized using 'CodeIgniter\Session\Handlers\FileHandler' driver.
DEBUG - 2025-06-19 01:49:53 --> Session: Class initialized using 'CodeIgniter\Session\Handlers\FileHandler' driver.
DEBUG - 2025-06-19 01:49:56 --> Session: Class initialized using 'CodeIgniter\Session\Handlers\FileHandler' driver.
DEBUG - 2025-06-19 01:49:58 --> Session: Class initialized using 'CodeIgniter\Session\Handlers\FileHandler' driver.
DEBUG - 2025-06-19 01:50:01 --> Session: Class initialized using 'CodeIgniter\Session\Handlers\FileHandler' driver.
DEBUG - 2025-06-19 01:50:04 --> Session: Class initialized using 'CodeIgniter\Session\Handlers\FileHandler' driver.
DEBUG - 2025-06-19 01:50:06 --> Session: Class initialized using 'CodeIgniter\Session\Handlers\FileHandler' driver.
DEBUG - 2025-06-19 01:50:08 --> Session: Class initialized using 'CodeIgniter\Session\Handlers\FileHandler' driver.
DEBUG - 2025-06-19 01:50:13 --> Session: Class initialized using 'CodeIgniter\Session\Handlers\FileHandler' driver.
DEBUG - 2025-06-19 01:50:16 --> Session: Class initialized using 'CodeIgniter\Session\Handlers\FileHandler' driver.
DEBUG - 2025-06-19 01:50:50 --> Session: Class initialized using 'CodeIgniter\Session\Handlers\FileHandler' driver.
DEBUG - 2025-06-19 01:50:52 --> Session: Class initialized using 'CodeIgniter\Session\Handlers\FileHandler' driver.
DEBUG - 2025-06-19 01:50:57 --> Session: Class initialized using 'CodeIgniter\Session\Handlers\FileHandler' driver.
DEBUG - 2025-06-19 01:51:00 --> Session: Class initialized using 'CodeIgniter\Session\Handlers\FileHandler' driver.
DEBUG - 2025-06-19 01:51:01 --> Session: Class initialized using 'CodeIgniter\Session\Handlers\FileHandler' driver.
DEBUG - 2025-06-19 01:51:42 --> Session: Class initialized using 'CodeIgniter\Session\Handlers\FileHandler' driver.
CRITICAL - 2025-06-19 01:51:42 --> CodeIgniter\Exceptions\BadMethodCallException: Call to undefined method App\Models\DetalleFacturaModel::obtenerDetallesConProducto
[Method: GET, Route: Pages/PerfilUsuario]
in SYSTEMPATH\Model.php on line 930.
 1 APPPATH\Controllers\Pages.php(120): CodeIgniter\Model->__call('obtenerDetallesConProducto', [...])
 2 SYSTEMPATH\CodeIgniter.php(933): App\Controllers\Pages->PerfilUsuario()
 3 SYSTEMPATH\CodeIgniter.php(507): CodeIgniter\CodeIgniter->runController(Object(App\Controllers\Pages))
 4 SYSTEMPATH\CodeIgniter.php(354): CodeIgniter\CodeIgniter->handleRequest(null, Object(Config\Cache), false)
 5 SYSTEMPATH\Boot.php(334): CodeIgniter\CodeIgniter->run()
 6 SYSTEMPATH\Boot.php(67): CodeIgniter\Boot::runCodeIgniter(Object(CodeIgniter\CodeIgniter))
 7 FCPATH\index.php(56): CodeIgniter\Boot::bootWeb(Object(Config\Paths))
